<?xml version="1.0" encoding="UTF-8"?>
<testsuite xmlns:xsi="http://www.w3.org/2001/XMLSchema-instance" xsi:noNamespaceSchemaLocation="https://maven.apache.org/surefire/maven-surefire-plugin/xsd/surefire-test-report-3.0.xsd" version="3.0" name="TestSuite" time="5107.069" tests="6" errors="0" skipped="0" failures="6">
  <properties>
[...]
</properties>
  <testcase name="TC_02_validate_Watch_Tailer_Button_FrontTopTenVsSliderMovies" classname="exam2.SliderTest" time="5061.884">
    <failure message="The following asserts failed:&#10;	&apos;Play Trailer&apos; button not found for: Border,&#10;	Movie (Border) - Play Trailer validation failed,&#10;	❌ Title mismatch at index 5 | Front: Eko | Slider: Ekō expected [true] but found [false],&#10;	Description is missing for Mask,&#10;	❌ Title mismatch at index 4 | Front: Bha. Bha. Ba | Slider: Bha Bha Ba expected [true] but found [false],&#10;	❌ Title mismatch at index 1 | Front: The Eken Ruddhaswas Rajasthan | Slider: The Eken: Ruddhaswas Rajasthan expected [true] but found [false],&#10;	Description is missing for Rambo: First Blood,&#10;	&apos;Play Trailer&apos; button not found for: Rambo: First Blood,&#10;	Movie (Rambo: First Blood) - Play Trailer validation failed" type="java.lang.AssertionError"><![CDATA[java.lang.AssertionError: 
The following asserts failed:
	'Play Trailer' button not found for: Border,
	Movie (Border) - Play Trailer validation failed,
	❌ Title mismatch at index 5 | Front: Eko | Slider: Ekō expected [true] but found [false],
	Description is missing for Mask,
	❌ Title mismatch at index 4 | Front: Bha. Bha. Ba | Slider: Bha Bha Ba expected [true] but found [false],
	❌ Title mismatch at index 1 | Front: The Eken Ruddhaswas Rajasthan | Slider: The Eken: Ruddhaswas Rajasthan expected [true] but found [false],
	Description is missing for Rambo: First Blood,
	'Play Trailer' button not found for: Rambo: First Blood,
	Movie (Rambo: First Blood) - Play Trailer validation failed
	at org.testng.asserts.SoftAssert.assertAll(SoftAssert.java:46)
	at org.testng.asserts.SoftAssert.assertAll(SoftAssert.java:30)
	at exam2.SliderTest.TC_02_validate_Watch_Tailer_Button_FrontTopTenVsSliderMovies(SliderTest.java:176)
	at java.base/jdk.internal.reflect.DirectMethodHandleAccessor.invoke(DirectMethodHandleAccessor.java:103)
	at java.base/java.lang.reflect.Method.invoke(Method.java:580)
	at org.testng.internal.invokers.MethodInvocationHelper.invokeMethod(MethodInvocationHelper.java:141)
	at org.testng.internal.invokers.TestInvoker.invokeMethod(TestInvoker.java:687)
	at org.testng.internal.invokers.TestInvoker.invokeTestMethod(TestInvoker.java:230)
	at org.testng.internal.invokers.MethodRunner.runInSequence(MethodRunner.java:63)
	at org.testng.internal.invokers.TestInvoker$MethodInvocationAgent.invoke(TestInvoker.java:995)
	at org.testng.internal.invokers.TestInvoker.invokeTestMethods(TestInvoker.java:203)
	at org.testng.internal.invokers.TestMethodWorker.invokeTestMethods(TestMethodWorker.java:154)
	at org.testng.internal.invokers.TestMethodWorker.run(TestMethodWorker.java:134)
	at java.base/java.util.ArrayList.forEach(ArrayList.java:1596)
	at org.testng.TestRunner.privateRun(TestRunner.java:741)
	at org.testng.TestRunner.run(TestRunner.java:616)
	at org.testng.SuiteRunner.runTest(SuiteRunner.java:421)
	at org.testng.SuiteRunner.runSequentially(SuiteRunner.java:413)
	at org.testng.SuiteRunner.privateRun(SuiteRunner.java:373)
	at org.testng.SuiteRunner.run(SuiteRunner.java:312)
	at org.testng.SuiteRunnerWorker.runSuite(SuiteRunnerWorker.java:52)
	at org.testng.SuiteRunnerWorker.run(SuiteRunnerWorker.java:95)
	at org.testng.TestNG.runSuitesSequentially(TestNG.java:1274)
	at org.testng.TestNG.runSuitesLocally(TestNG.java:1208)
	at org.testng.TestNG.runSuites(TestNG.java:1112)
	at org.testng.TestNG.run(TestNG.java:1079)
	at org.apache.maven.surefire.testng.TestNGExecutor.run(TestNGExecutor.java:155)
	at org.apache.maven.surefire.testng.TestNGDirectoryTestSuite.executeMulti(TestNGDirectoryTestSuite.java:169)
	at org.apache.maven.surefire.testng.TestNGDirectoryTestSuite.execute(TestNGDirectoryTestSuite.java:88)
	at org.apache.maven.surefire.testng.TestNGProvider.invoke(TestNGProvider.java:137)
	at org.apache.maven.surefire.booter.ForkedBooter.runSuitesInProcess(ForkedBooter.java:385)
	at org.apache.maven.surefire.booter.ForkedBooter.execute(ForkedBooter.java:162)
	at org.apache.maven.surefire.booter.ForkedBooter.run(ForkedBooter.java:507)
	at org.apache.maven.surefire.booter.ForkedBooter.main(ForkedBooter.java:495)
]]></failure>
    <system-out><![CDATA[2026-02-09 10:47:35 INFO  [main] LumioTest - MetricsCollector reset - starting fresh test run
========================================
🚀 Starting Test Setup
========================================
✅ WebDriver initialized successfully
✅ Metrics Collector initialized
========================================
🎬 TEST: Validate Front Top Ten vs Slider Movies
========================================
🌐 Navigated to: https://tldr.lumiolabs.ai/
2026-02-09 10:47:46 INFO  [main] SliderTest - 🌐 Navigated to: https://tldr.lumiolabs.ai/
📊 Found 7 providers to test
2026-02-09 10:47:56 INFO  [main] SliderTest - 📊 Found 7 providers to test

========================================
🔄 Testing Provider 1 of 7
========================================
⚠️ Standard click failed, using JavaScript click
📋 Step 1: Collecting movies from front page
🔍 Fetching movies from front page...
📊 Found 10 movie elements on front page
   Movie 1: Sankranthiki Vasthunam
   Movie 2: Sarvam Maya
   Movie 3: Gustaakh Ishq
   Movie 4: Border
   Movie 5: Jurassic World: Fallen Kingdom
   Movie 6: The Train of Death
   Movie 7: Nikita Roy
   Movie 8: Dolittle
   Movie 9: Jurassic World
   Movie 10: Jurassic Park
🎬 Front Page Movies List:
 ➤ Sankranthiki Vasthunam
 ➤ Sarvam Maya
 ➤ Gustaakh Ishq
 ➤ Border
 ➤ Jurassic World: Fallen Kingdom
 ➤ The Train of Death
 ➤ Nikita Roy
 ➤ Dolittle
 ➤ Jurassic World
 ➤ Jurassic Park
✅ Total movies found on front page: 10
📋 Step 2: Opening slider by clicking first movie
✅ First movie clicked, slider opened
📋 Step 3: Validating movies in slider
🔄 Starting slider navigation and validation...
----------------------------------------
🎯 Processing Slider Position: 1/10
✅ Movie Name: Sankranthiki Vasthunam
🔍 Validating content for: Sankranthiki Vasthunam (Position: 1)
📝 Checking description...
✅ Description found: When a renowned tech entrepreneur is kidnapped upo...
🔍 Validating 'Watch On' button for: Sankranthiki Vasthunam
✅ 'Watch On' button found for: Sankranthiki Vasthunam
Clicked 'Watch On' button using standard click
New window opened successfully
✅ Provider page opened - Title: Sankranthiki Vasthunam - JioHotstar
   Provider URL: https://www.hotstar.com/in/movies/sankranthiki-vasthunam/1271526618
✅ Provider page title matches movie: Sankranthiki Vasthunam
Closed provider window
✅ 'Watch On' validation PASSED for: Sankranthiki Vasthunam
2026-02-09 10:48:43 INFO  [main] SliderTest - ✅ 'Watch On' validation PASSED for: Sankranthiki Vasthunam
🔍 Validating 'Play Trailer' button for: Sankranthiki Vasthunam
✅ 'Play Trailer' button found for: Sankranthiki Vasthunam
Clicked 'Play Trailer' button successfully
⚠️ Trailer video element not detected (may still be loading or using different player)
✅ 'Play Trailer' validation PASSED for: Sankranthiki Vasthunam
2026-02-09 10:49:15 INFO  [main] SliderTest - ✅ 'Play Trailer' validation PASSED for: Sankranthiki Vasthunam
✅ Movie 1 (Sankranthiki Vasthunam) - Validation Summary: WatchOn=PASS, Trailer=PASS
⏭️ Navigated to next slide
----------------------------------------
🎯 Processing Slider Position: 2/10
✅ Movie Name: Sarvam Maya
🔍 Validating content for: Sarvam Maya (Position: 2)
📝 Checking description...
✅ Description found: A man who loses his belief in God meets the spirit...
🔍 Validating 'Watch On' button for: Sarvam Maya
✅ 'Watch On' button found for: Sarvam Maya
Clicked 'Watch On' button using standard click
New window opened successfully
✅ Provider page opened - Title: Sarvam Maya - JioHotstar
   Provider URL: https://www.hotstar.com/in/movies/sarvam-maya/1271525191
✅ Provider page title matches movie: Sarvam Maya
Closed provider window
✅ 'Watch On' validation PASSED for: Sarvam Maya
2026-02-09 10:50:02 INFO  [main] SliderTest - ✅ 'Watch On' validation PASSED for: Sarvam Maya
🔍 Validating 'Play Trailer' button for: Sarvam Maya
✅ 'Play Trailer' button found for: Sarvam Maya
Clicked 'Play Trailer' button successfully
⚠️ Trailer video element not detected (may still be loading or using different player)
✅ 'Play Trailer' validation PASSED for: Sarvam Maya
2026-02-09 10:50:35 INFO  [main] SliderTest - ✅ 'Play Trailer' validation PASSED for: Sarvam Maya
✅ Movie 2 (Sarvam Maya) - Validation Summary: WatchOn=PASS, Trailer=PASS
⏭️ Navigated to next slide
----------------------------------------
🎯 Processing Slider Position: 3/10
✅ Movie Name: Gustaakh Ishq
🔍 Validating content for: Gustaakh Ishq (Position: 3)
📝 Checking description...
✅ Description found: On a pursuit to save his father's printing press i...
🔍 Validating 'Watch On' button for: Gustaakh Ishq
✅ 'Watch On' button found for: Gustaakh Ishq
Clicked 'Watch On' button using standard click
New window opened successfully
✅ Provider page opened - Title: Gustaakh Ishq - JioHotstar
   Provider URL: https://www.hotstar.com/in/movies/gustaakh-ishq/1271525297
✅ Provider page title matches movie: Gustaakh Ishq
Closed provider window
✅ 'Watch On' validation PASSED for: Gustaakh Ishq
2026-02-09 10:51:45 INFO  [main] SliderTest - ✅ 'Watch On' validation PASSED for: Gustaakh Ishq
🔍 Validating 'Play Trailer' button for: Gustaakh Ishq
✅ 'Play Trailer' button found for: Gustaakh Ishq
Clicked 'Play Trailer' button successfully
⚠️ Trailer video element not detected (may still be loading or using different player)
✅ 'Play Trailer' validation PASSED for: Gustaakh Ishq
2026-02-09 10:52:16 INFO  [main] SliderTest - ✅ 'Play Trailer' validation PASSED for: Gustaakh Ishq
✅ Movie 3 (Gustaakh Ishq) - Validation Summary: WatchOn=PASS, Trailer=PASS
⏭️ Navigated to next slide
----------------------------------------
🎯 Processing Slider Position: 4/10
✅ Movie Name: Border
🔍 Validating content for: Border (Position: 4)
📝 Checking description...
✅ Description found: It's 1971, and 2000 members of the Pakistani Army—...
🔍 Validating 'Watch On' button for: Border
✅ 'Watch On' button found for: Border
Clicked 'Watch On' button using standard click
New window opened successfully
✅ Provider page opened - Title: Border - JioHotstar
   Provider URL: https://www.hotstar.com/in/movies/border/1271522304
✅ Provider page title matches movie: Border
Closed provider window
✅ 'Watch On' validation PASSED for: Border
2026-02-09 10:53:07 INFO  [main] SliderTest - ✅ 'Watch On' validation PASSED for: Border
🔍 Validating 'Play Trailer' button for: Border
Element not found: By.xpath: //div[contains(@class,'swiper-slide-active')]//span[normalize-space()='Play Trailer']
❌ 'Play Trailer' button NOT FOUND for: Border
❌ 'Play Trailer' validation FAILED for: Border
📸 Screenshot saved: screenshots/failures/Movie_Border_TrailerFailed_20260209_105318.png
2026-02-09 10:53:18 INFO  [main] SliderTest - Movie (Border) - Play Trailer validation failed
⚠️ Movie 4 (Border) - Validation Summary: WatchOn=PASS, Trailer=FAIL
⏭️ Navigated to next slide
----------------------------------------
🎯 Processing Slider Position: 5/10
✅ Movie Name: Jurassic World: Fallen Kingdom
🔍 Validating content for: Jurassic World: Fallen Kingdom (Position: 5)
📝 Checking description...
✅ Description found: Three years after Jurassic World was destroyed, Is...
🔍 Validating 'Watch On' button for: Jurassic World: Fallen Kingdom
✅ 'Watch On' button found for: Jurassic World: Fallen Kingdom
Clicked 'Watch On' button using standard click
New window opened successfully
✅ Provider page opened - Title: Jurassic World: Fallen Kingdom - JioHotstar
   Provider URL: https://www.hotstar.com/in/movies/jurassic-world-fallen-kingdom/1971117912
✅ Provider page title matches movie: Jurassic World: Fallen Kingdom
Closed provider window
✅ 'Watch On' validation PASSED for: Jurassic World: Fallen Kingdom
2026-02-09 10:54:14 INFO  [main] SliderTest - ✅ 'Watch On' validation PASSED for: Jurassic World: Fallen Kingdom
🔍 Validating 'Play Trailer' button for: Jurassic World: Fallen Kingdom
✅ 'Play Trailer' button found for: Jurassic World: Fallen Kingdom
Clicked 'Play Trailer' button successfully
⚠️ Trailer video element not detected (may still be loading or using different player)
✅ 'Play Trailer' validation PASSED for: Jurassic World: Fallen Kingdom
2026-02-09 10:54:27 INFO  [main] SliderTest - ✅ 'Play Trailer' validation PASSED for: Jurassic World: Fallen Kingdom
✅ Movie 5 (Jurassic World: Fallen Kingdom) - Validation Summary: WatchOn=PASS, Trailer=PASS
⏭️ Navigated to next slide
----------------------------------------
🎯 Processing Slider Position: 6/10
✅ Movie Name: The Train of Death
🔍 Validating content for: The Train of Death (Position: 6)
📝 Checking description...
✅ Description found: Newly cancer-free, Purnama heads to a resort getaw...
🔍 Validating 'Watch On' button for: The Train of Death
✅ 'Watch On' button found for: The Train of Death
Clicked 'Watch On' button using standard click
New window opened successfully
✅ Provider page opened - Title: The Train of Death - JioHotstar
   Provider URL: https://www.hotstar.com/in/movies/the-train-of-death/1271524392
✅ Provider page title matches movie: The Train of Death
Closed provider window
✅ 'Watch On' validation PASSED for: The Train of Death
2026-02-09 10:55:27 INFO  [main] SliderTest - ✅ 'Watch On' validation PASSED for: The Train of Death
🔍 Validating 'Play Trailer' button for: The Train of Death
✅ 'Play Trailer' button found for: The Train of Death
Clicked 'Play Trailer' button successfully
⚠️ Trailer video element not detected (may still be loading or using different player)
✅ 'Play Trailer' validation PASSED for: The Train of Death
2026-02-09 10:55:46 INFO  [main] SliderTest - ✅ 'Play Trailer' validation PASSED for: The Train of Death
✅ Movie 6 (The Train of Death) - Validation Summary: WatchOn=PASS, Trailer=PASS
⏭️ Navigated to next slide
----------------------------------------
🎯 Processing Slider Position: 7/10
✅ Movie Name: Nikita Roy
🔍 Validating content for: Nikita Roy (Position: 7)
📝 Checking description...
✅ Description found: A woman's scepticism about the supernatural is cha...
🔍 Validating 'Watch On' button for: Nikita Roy
✅ 'Watch On' button found for: Nikita Roy
Clicked 'Watch On' button using standard click
New window opened successfully
✅ Provider page opened - Title: Nikita Roy - JioHotstar
   Provider URL: https://www.hotstar.com/in/movies/nikita-roy/1271519183
✅ Provider page title matches movie: Nikita Roy
Closed provider window
✅ 'Watch On' validation PASSED for: Nikita Roy
2026-02-09 10:56:37 INFO  [main] SliderTest - ✅ 'Watch On' validation PASSED for: Nikita Roy
🔍 Validating 'Play Trailer' button for: Nikita Roy
✅ 'Play Trailer' button found for: Nikita Roy
Clicked 'Play Trailer' button successfully
⚠️ Trailer video element not detected (may still be loading or using different player)
✅ 'Play Trailer' validation PASSED for: Nikita Roy
2026-02-09 10:56:53 INFO  [main] SliderTest - ✅ 'Play Trailer' validation PASSED for: Nikita Roy
✅ Movie 7 (Nikita Roy) - Validation Summary: WatchOn=PASS, Trailer=PASS
⏭️ Navigated to next slide
----------------------------------------
🎯 Processing Slider Position: 8/10
✅ Movie Name: Dolittle
🔍 Validating content for: Dolittle (Position: 8)
📝 Checking description...
✅ Description found: After losing his wife seven years earlier, the ecc...
🔍 Validating 'Watch On' button for: Dolittle
✅ 'Watch On' button found for: Dolittle
Clicked 'Watch On' button using standard click
New window opened successfully
✅ Provider page opened - Title: Dolittle - JioHotstar
   Provider URL: https://www.hotstar.com/in/movies/dolittle/1971000918
✅ Provider page title matches movie: Dolittle
Closed provider window
✅ 'Watch On' validation PASSED for: Dolittle
2026-02-09 10:57:38 INFO  [main] SliderTest - ✅ 'Watch On' validation PASSED for: Dolittle
🔍 Validating 'Play Trailer' button for: Dolittle
✅ 'Play Trailer' button found for: Dolittle
Clicked 'Play Trailer' button successfully
⚠️ Trailer video element not detected (may still be loading or using different player)
✅ 'Play Trailer' validation PASSED for: Dolittle
2026-02-09 10:57:53 INFO  [main] SliderTest - ✅ 'Play Trailer' validation PASSED for: Dolittle
✅ Movie 8 (Dolittle) - Validation Summary: WatchOn=PASS, Trailer=PASS
⏭️ Navigated to next slide
----------------------------------------
🎯 Processing Slider Position: 9/10
✅ Movie Name: Jurassic World
🔍 Validating content for: Jurassic World (Position: 9)
📝 Checking description...
✅ Description found: Twenty-two years after the events of Jurassic Park...
🔍 Validating 'Watch On' button for: Jurassic World
✅ 'Watch On' button found for: Jurassic World
Clicked 'Watch On' button using standard click
New window opened successfully
✅ Provider page opened - Title: Jurassic World - JioHotstar
   Provider URL: https://www.hotstar.com/in/movies/jurassic-world/1971000540
✅ Provider page title matches movie: Jurassic World
Closed provider window
✅ 'Watch On' validation PASSED for: Jurassic World
2026-02-09 10:58:49 INFO  [main] SliderTest - ✅ 'Watch On' validation PASSED for: Jurassic World
🔍 Validating 'Play Trailer' button for: Jurassic World
✅ 'Play Trailer' button found for: Jurassic World
Clicked 'Play Trailer' button successfully
⚠️ Trailer video element not detected (may still be loading or using different player)
✅ 'Play Trailer' validation PASSED for: Jurassic World
2026-02-09 10:59:10 INFO  [main] SliderTest - ✅ 'Play Trailer' validation PASSED for: Jurassic World
✅ Movie 9 (Jurassic World) - Validation Summary: WatchOn=PASS, Trailer=PASS
⏭️ Navigated to next slide
----------------------------------------
🎯 Processing Slider Position: 10/10
✅ Movie Name: Jurassic Park
🔍 Validating content for: Jurassic Park (Position: 10)
📝 Checking description...
✅ Description found: A wealthy entrepreneur secretly creates a theme pa...
🔍 Validating 'Watch On' button for: Jurassic Park
✅ 'Watch On' button found for: Jurassic Park
Clicked 'Watch On' button using standard click
New window opened successfully
✅ Provider page opened - Title: Jurassic Park - JioHotstar
   Provider URL: https://www.hotstar.com/in/movies/jurassic-park/1971000492
✅ Provider page title matches movie: Jurassic Park
Closed provider window
✅ 'Watch On' validation PASSED for: Jurassic Park
2026-02-09 11:00:03 INFO  [main] SliderTest - ✅ 'Watch On' validation PASSED for: Jurassic Park
🔍 Validating 'Play Trailer' button for: Jurassic Park
✅ 'Play Trailer' button found for: Jurassic Park
Clicked 'Play Trailer' button successfully
⚠️ Trailer video element not detected (may still be loading or using different player)
✅ 'Play Trailer' validation PASSED for: Jurassic Park
2026-02-09 11:00:29 INFO  [main] SliderTest - ✅ 'Play Trailer' validation PASSED for: Jurassic Park
✅ Movie 10 (Jurassic Park) - Validation Summary: WatchOn=PASS, Trailer=PASS
⏭️ Navigated to next slide
----------------------------------------
✅ Total movies validated in slider: 10
📋 Step 4: Comparing front page movies with slider movies
🔍 Comparing front page movies with slider movies...
✅ Match at position 1: Sankranthiki Vasthunam
✅ Match at position 2: Sarvam Maya
✅ Match at position 3: Gustaakh Ishq
✅ Match at position 4: Border
✅ Match at position 5: Jurassic World: Fallen Kingdom
✅ Match at position 6: The Train of Death
✅ Match at position 7: Nikita Roy
✅ Match at position 8: Dolittle
✅ Match at position 9: Jurassic World
✅ Match at position 10: Jurassic Park
📊 Comparison Results: 10 matches, 0 mismatches
🔙 Navigating back to home page...
✅ Ready for next provider

========================================
🔄 Testing Provider 2 of 7
========================================
✅ Clicked provider 2 using standard click
📋 Step 1: Collecting movies from front page
🔍 Fetching movies from front page...
📊 Found 10 movie elements on front page
   Movie 1: Tere Ishk Mein
   Movie 2: De De Pyaar De 2
   Movie 3: The Rip
   Movie 4: Haq
   Movie 5: Akhanda 2
   Movie 6: Eko
   Movie 7: Mardaani 2
   Movie 8: Mardaani
   Movie 9: People We Meet on Vacation
   Movie 10: Single Salma
🎬 Front Page Movies List:
 ➤ Tere Ishk Mein
 ➤ De De Pyaar De 2
 ➤ The Rip
 ➤ Haq
 ➤ Akhanda 2
 ➤ Eko
 ➤ Mardaani 2
 ➤ Mardaani
 ➤ People We Meet on Vacation
 ➤ Single Salma
✅ Total movies found on front page: 10
📋 Step 2: Opening slider by clicking first movie
✅ First movie clicked, slider opened
📋 Step 3: Validating movies in slider
🔄 Starting slider navigation and validation...
----------------------------------------
🎯 Processing Slider Position: 1/10
✅ Movie Name: Tere Ishk Mein
🔍 Validating content for: Tere Ishk Mein (Position: 1)
📝 Checking description...
✅ Description found: A psychology student attempts to rehabilitate a vo...
🔍 Validating 'Watch On' button for: Tere Ishk Mein
✅ 'Watch On' button found for: Tere Ishk Mein
Clicked 'Watch On' button using standard click
New window opened successfully
✅ Provider page opened - Title: Watch Tere Ishk Mein | Netflix
   Provider URL: https://www.netflix.com/in/title/81772320
✅ Provider page title matches movie: Tere Ishk Mein
Closed provider window
✅ 'Watch On' validation PASSED for: Tere Ishk Mein
2026-02-09 11:02:27 INFO  [main] SliderTest - ✅ 'Watch On' validation PASSED for: Tere Ishk Mein
🔍 Validating 'Play Trailer' button for: Tere Ishk Mein
✅ 'Play Trailer' button found for: Tere Ishk Mein
Clicked 'Play Trailer' button successfully
⚠️ Trailer video element not detected (may still be loading or using different player)
✅ 'Play Trailer' validation PASSED for: Tere Ishk Mein
2026-02-09 11:02:48 INFO  [main] SliderTest - ✅ 'Play Trailer' validation PASSED for: Tere Ishk Mein
✅ Movie 1 (Tere Ishk Mein) - Validation Summary: WatchOn=PASS, Trailer=PASS
⏭️ Navigated to next slide
----------------------------------------
🎯 Processing Slider Position: 2/10
✅ Movie Name: De De Pyaar De 2
🔍 Validating content for: De De Pyaar De 2 (Position: 2)
📝 Checking description...
✅ Description found: When Ashish meets his girlfriend's parents for the...
🔍 Validating 'Watch On' button for: De De Pyaar De 2
✅ 'Watch On' button found for: De De Pyaar De 2
Clicked 'Watch On' button using standard click
New window opened successfully
✅ Provider page opened - Title: Watch De De Pyaar De 2 | Netflix
   Provider URL: https://www.netflix.com/in/title/81713690
✅ Provider page title matches movie: De De Pyaar De 2
Closed provider window
✅ 'Watch On' validation PASSED for: De De Pyaar De 2
2026-02-09 11:03:41 INFO  [main] SliderTest - ✅ 'Watch On' validation PASSED for: De De Pyaar De 2
🔍 Validating 'Play Trailer' button for: De De Pyaar De 2
✅ 'Play Trailer' button found for: De De Pyaar De 2
Clicked 'Play Trailer' button successfully
⚠️ Trailer video element not detected (may still be loading or using different player)
✅ 'Play Trailer' validation PASSED for: De De Pyaar De 2
2026-02-09 11:03:54 INFO  [main] SliderTest - ✅ 'Play Trailer' validation PASSED for: De De Pyaar De 2
✅ Movie 2 (De De Pyaar De 2) - Validation Summary: WatchOn=PASS, Trailer=PASS
⏭️ Navigated to next slide
----------------------------------------
🎯 Processing Slider Position: 3/10
✅ Movie Name: The Rip
🔍 Validating content for: The Rip (Position: 3)
📝 Checking description...
✅ Description found: Trust frays when a team of Miami cops discovers mi...
🔍 Validating 'Watch On' button for: The Rip
✅ 'Watch On' button found for: The Rip
Clicked 'Watch On' button using standard click
New window opened successfully
✅ Provider page opened - Title: Watch The Rip | Netflix Official Site
   Provider URL: https://www.netflix.com/in/title/81915745
✅ Provider page title matches movie: The Rip
Closed provider window
✅ 'Watch On' validation PASSED for: The Rip
2026-02-09 11:04:44 INFO  [main] SliderTest - ✅ 'Watch On' validation PASSED for: The Rip
🔍 Validating 'Play Trailer' button for: The Rip
✅ 'Play Trailer' button found for: The Rip
Clicked 'Play Trailer' button successfully
⚠️ Trailer video element not detected (may still be loading or using different player)
✅ 'Play Trailer' validation PASSED for: The Rip
2026-02-09 11:04:59 INFO  [main] SliderTest - ✅ 'Play Trailer' validation PASSED for: The Rip
✅ Movie 3 (The Rip) - Validation Summary: WatchOn=PASS, Trailer=PASS
⏭️ Navigated to next slide
----------------------------------------
🎯 Processing Slider Position: 4/10
✅ Movie Name: Haq
🔍 Validating content for: Haq (Position: 4)
📝 Checking description...
✅ Description found: In 1980s India, Shazia Bano takes her husband to c...
🔍 Validating 'Watch On' button for: Haq
✅ 'Watch On' button found for: Haq
Clicked 'Watch On' button using standard click
New window opened successfully
✅ Provider page opened - Title: Watch Haq | Netflix
   Provider URL: https://www.netflix.com/in/title/82085150
✅ Provider page title matches movie: Haq
Closed provider window
✅ 'Watch On' validation PASSED for: Haq
2026-02-09 11:05:49 INFO  [main] SliderTest - ✅ 'Watch On' validation PASSED for: Haq
🔍 Validating 'Play Trailer' button for: Haq
✅ 'Play Trailer' button found for: Haq
Clicked 'Play Trailer' button successfully
⚠️ Trailer video element not detected (may still be loading or using different player)
✅ 'Play Trailer' validation PASSED for: Haq
2026-02-09 11:06:07 INFO  [main] SliderTest - ✅ 'Play Trailer' validation PASSED for: Haq
✅ Movie 4 (Haq) - Validation Summary: WatchOn=PASS, Trailer=PASS
⏭️ Navigated to next slide
----------------------------------------
🎯 Processing Slider Position: 5/10
✅ Movie Name: Akhanda 2: Thaandavam
🔍 Validating content for: Akhanda 2: Thaandavam (Position: 5)
📝 Checking description...
✅ Description found: When all hope died, Akhanda arrived. He saved his ...
🔍 Validating 'Watch On' button for: Akhanda 2: Thaandavam
✅ 'Watch On' button found for: Akhanda 2: Thaandavam
Clicked 'Watch On' button using standard click
New window opened successfully
⚠️ Could not get provider page details: Expected condition failed: waiting for exam2.SliderTest$$Lambda/0x000000012b349000@6ecc02bb (tried for 15 second(s) with 500 milliseconds interval)
Build info: version: '4.38.0', revision: '6b412e825c*'
System info: os.name: 'Mac OS X', os.arch: 'x86_64', os.version: '15.6', java.version: '21.0.10'
Driver info: org.openqa.selenium.chrome.ChromeDriver
Capabilities {acceptInsecureCerts: false, browserName: chrome, browserVersion: 144.0.7559.133, chrome: {chromedriverVersion: 144.0.7559.133 (7da823b1d59..., userDataDir: /var/folders/7c/14lszzc111x...}, fedcm:accounts: true, goog:chromeOptions: {debuggerAddress: localhost:53861}, goog:processID: 1323, networkConnectionEnabled: false, pageLoadStrategy: normal, platformName: mac, proxy: Proxy(), se:cdp: ws://localhost:53861/devtoo..., se:cdpVersion: 144.0.7559.133, setWindowRect: true, strictFileInteractability: false, timeouts: {implicit: 0, pageLoad: 300000, script: 30000}, unhandledPromptBehavior: dismiss and notify, webauthn:extension:credBlob: true, webauthn:extension:largeBlob: true, webauthn:extension:minPinLength: true, webauthn:extension:prf: true, webauthn:virtualAuthenticators: true}
Session ID: d8adafa9d7c08c5d09f9b235861ca1f7
Closed provider window
✅ 'Watch On' validation PASSED for: Akhanda 2: Thaandavam
2026-02-09 11:06:42 INFO  [main] SliderTest - ✅ 'Watch On' validation PASSED for: Akhanda 2: Thaandavam
🔍 Validating 'Play Trailer' button for: Akhanda 2: Thaandavam
✅ 'Play Trailer' button found for: Akhanda 2: Thaandavam
Clicked 'Play Trailer' button successfully
⚠️ Trailer video element not detected (may still be loading or using different player)
✅ 'Play Trailer' validation PASSED for: Akhanda 2: Thaandavam
2026-02-09 11:06:55 INFO  [main] SliderTest - ✅ 'Play Trailer' validation PASSED for: Akhanda 2: Thaandavam
✅ Movie 5 (Akhanda 2: Thaandavam) - Validation Summary: WatchOn=PASS, Trailer=PASS
⏭️ Navigated to next slide
----------------------------------------
🎯 Processing Slider Position: 6/10
✅ Movie Name: Ekō
🔍 Validating content for: Ekō (Position: 6)
📝 Checking description...
✅ Description found: In the misty hills of Kaattukunnu, an aging woman ...
🔍 Validating 'Watch On' button for: Ekō
✅ 'Watch On' button found for: Ekō
Clicked 'Watch On' button using standard click
New window opened successfully
✅ Provider page opened - Title: Watch Eko | Netflix
   Provider URL: https://www.netflix.com/in/title/82673540
⚠️ Provider page title may not match - Expected: Ekō | Actual: Watch Eko | Netflix
Closed provider window
✅ 'Watch On' validation PASSED for: Ekō
2026-02-09 11:07:37 INFO  [main] SliderTest - ✅ 'Watch On' validation PASSED for: Ekō
🔍 Validating 'Play Trailer' button for: Ekō
✅ 'Play Trailer' button found for: Ekō
Clicked 'Play Trailer' button successfully
⚠️ Trailer video element not detected (may still be loading or using different player)
✅ 'Play Trailer' validation PASSED for: Ekō
2026-02-09 11:07:52 INFO  [main] SliderTest - ✅ 'Play Trailer' validation PASSED for: Ekō
✅ Movie 6 (Ekō) - Validation Summary: WatchOn=PASS, Trailer=PASS
⏭️ Navigated to next slide
----------------------------------------
🎯 Processing Slider Position: 7/10
✅ Movie Name: Mardaani 2
🔍 Validating content for: Mardaani 2 (Position: 7)
📝 Checking description...
✅ Description found: Officer Shivani Shivaji Roy is stationed at Kota w...
🔍 Validating 'Watch On' button for: Mardaani 2
✅ 'Watch On' button found for: Mardaani 2
Clicked 'Watch On' button using standard click
New window opened successfully
✅ Provider page opened - Title: Watch Mardaani 2 | Netflix
   Provider URL: https://www.netflix.com/in/title/82027409
✅ Provider page title matches movie: Mardaani 2
Closed provider window
✅ 'Watch On' validation PASSED for: Mardaani 2
2026-02-09 11:08:42 INFO  [main] SliderTest - ✅ 'Watch On' validation PASSED for: Mardaani 2
🔍 Validating 'Play Trailer' button for: Mardaani 2
✅ 'Play Trailer' button found for: Mardaani 2
Clicked 'Play Trailer' button successfully
⚠️ Trailer video element not detected (may still be loading or using different player)
✅ 'Play Trailer' validation PASSED for: Mardaani 2
2026-02-09 11:09:04 INFO  [main] SliderTest - ✅ 'Play Trailer' validation PASSED for: Mardaani 2
✅ Movie 7 (Mardaani 2) - Validation Summary: WatchOn=PASS, Trailer=PASS
⏭️ Navigated to next slide
----------------------------------------
🎯 Processing Slider Position: 8/10
✅ Movie Name: Mardaani
🔍 Validating content for: Mardaani (Position: 8)
📝 Checking description...
✅ Description found: A Mumbai police officer's search for a missing tee...
🔍 Validating 'Watch On' button for: Mardaani
✅ 'Watch On' button found for: Mardaani
Clicked 'Watch On' button using standard click
New window opened successfully
✅ Provider page opened - Title: Watch Mardaani | Netflix
   Provider URL: https://www.netflix.com/in/title/80005320
✅ Provider page title matches movie: Mardaani
Closed provider window
✅ 'Watch On' validation PASSED for: Mardaani
2026-02-09 11:09:57 INFO  [main] SliderTest - ✅ 'Watch On' validation PASSED for: Mardaani
🔍 Validating 'Play Trailer' button for: Mardaani
✅ 'Play Trailer' button found for: Mardaani
Clicked 'Play Trailer' button successfully
⚠️ Trailer video element not detected (may still be loading or using different player)
✅ 'Play Trailer' validation PASSED for: Mardaani
2026-02-09 11:10:17 INFO  [main] SliderTest - ✅ 'Play Trailer' validation PASSED for: Mardaani
✅ Movie 8 (Mardaani) - Validation Summary: WatchOn=PASS, Trailer=PASS
⏭️ Navigated to next slide
----------------------------------------
🎯 Processing Slider Position: 9/10
✅ Movie Name: People We Meet on Vacation
🔍 Validating content for: People We Meet on Vacation (Position: 9)
📝 Checking description...
✅ Description found: Poppy's a free spirit. Alex loves a plan. After ye...
🔍 Validating 'Watch On' button for: People We Meet on Vacation
✅ 'Watch On' button found for: People We Meet on Vacation
Clicked 'Watch On' button using standard click
New window opened successfully
✅ Provider page opened - Title: Watch People We Meet on Vacation | Netflix Official Site
   Provider URL: https://www.netflix.com/in/title/81764371
✅ Provider page title matches movie: People We Meet on Vacation
Closed provider window
✅ 'Watch On' validation PASSED for: People We Meet on Vacation
2026-02-09 11:11:04 INFO  [main] SliderTest - ✅ 'Watch On' validation PASSED for: People We Meet on Vacation
🔍 Validating 'Play Trailer' button for: People We Meet on Vacation
✅ 'Play Trailer' button found for: People We Meet on Vacation
Clicked 'Play Trailer' button successfully
⚠️ Trailer video element not detected (may still be loading or using different player)
✅ 'Play Trailer' validation PASSED for: People We Meet on Vacation
2026-02-09 11:11:16 INFO  [main] SliderTest - ✅ 'Play Trailer' validation PASSED for: People We Meet on Vacation
✅ Movie 9 (People We Meet on Vacation) - Validation Summary: WatchOn=PASS, Trailer=PASS
⏭️ Navigated to next slide
----------------------------------------
🎯 Processing Slider Position: 10/10
✅ Movie Name: Single Salma
🔍 Validating content for: Single Salma (Position: 10)
📝 Checking description...
✅ Description found: Salma balances work, family and marriage pressure....
🔍 Validating 'Watch On' button for: Single Salma
✅ 'Watch On' button found for: Single Salma
Clicked 'Watch On' button using standard click
New window opened successfully
✅ Provider page opened - Title: Watch Single Salma | Netflix
   Provider URL: https://www.netflix.com/in/title/82145967
✅ Provider page title matches movie: Single Salma
Closed provider window
✅ 'Watch On' validation PASSED for: Single Salma
2026-02-09 11:12:23 INFO  [main] SliderTest - ✅ 'Watch On' validation PASSED for: Single Salma
🔍 Validating 'Play Trailer' button for: Single Salma
✅ 'Play Trailer' button found for: Single Salma
Clicked 'Play Trailer' button successfully
⚠️ Trailer video element not detected (may still be loading or using different player)
✅ 'Play Trailer' validation PASSED for: Single Salma
2026-02-09 11:12:37 INFO  [main] SliderTest - ✅ 'Play Trailer' validation PASSED for: Single Salma
✅ Movie 10 (Single Salma) - Validation Summary: WatchOn=PASS, Trailer=PASS
⏭️ Navigated to next slide
----------------------------------------
✅ Total movies validated in slider: 10
📋 Step 4: Comparing front page movies with slider movies
🔍 Comparing front page movies with slider movies...
✅ Match at position 1: Tere Ishk Mein
✅ Match at position 2: De De Pyaar De 2
✅ Match at position 3: The Rip
✅ Match at position 4: Haq
✅ Match at position 5: Akhanda 2
❌ Mismatch at position 6 | Front: Eko | Slider: Ekō
✅ Match at position 7: Mardaani 2
✅ Match at position 8: Mardaani
✅ Match at position 9: People We Meet on Vacation
✅ Match at position 10: Single Salma
📊 Comparison Results: 9 matches, 1 mismatches
🔙 Navigating back to home page...
✅ Ready for next provider

========================================
🔄 Testing Provider 3 of 7
========================================
✅ Clicked provider 3 using standard click
📋 Step 1: Collecting movies from front page
🔍 Fetching movies from front page...
📊 Found 10 movie elements on front page
   Movie 1: Vaa Vaathiyaar
   Movie 2: The Wrecking Crew
   Movie 3: Cheekatilo
   Movie 4: 120 Bahadur
   Movie 5: Jugnuma: The Fable
   Movie 6: Sankranthiki Vasthunam
   Movie 7: Dhandoraa
   Movie 8: JIGRIS
   Movie 9: Retta Thala
   Movie 10: Maaman
🎬 Front Page Movies List:
 ➤ Vaa Vaathiyaar
 ➤ The Wrecking Crew
 ➤ Cheekatilo
 ➤ 120 Bahadur
 ➤ Jugnuma: The Fable
 ➤ Sankranthiki Vasthunam
 ➤ Dhandoraa
 ➤ JIGRIS
 ➤ Retta Thala
 ➤ Maaman
✅ Total movies found on front page: 10
📋 Step 2: Opening slider by clicking first movie
✅ First movie clicked, slider opened
📋 Step 3: Validating movies in slider
🔄 Starting slider navigation and validation...
----------------------------------------
🎯 Processing Slider Position: 1/10
✅ Movie Name: Vaa Vaathiyaar
🔍 Validating content for: Vaa Vaathiyaar (Position: 1)
📝 Checking description...
✅ Description found: After being raised as the reincarnation of a famou...
🔍 Validating 'Watch On' button for: Vaa Vaathiyaar
✅ 'Watch On' button found for: Vaa Vaathiyaar
Clicked 'Watch On' button using standard click
New window opened successfully
✅ Provider page opened - Title: Prime Video: Vaa Vaathiyaar
   Provider URL: https://www.primevideo.com/detail/0KC9TG9DR68UBENNL7M0NZ9K44/ref=atv_dl_rdr
✅ Provider page title matches movie: Vaa Vaathiyaar
Closed provider window
✅ 'Watch On' validation PASSED for: Vaa Vaathiyaar
2026-02-09 11:14:37 INFO  [main] SliderTest - ✅ 'Watch On' validation PASSED for: Vaa Vaathiyaar
🔍 Validating 'Play Trailer' button for: Vaa Vaathiyaar
✅ 'Play Trailer' button found for: Vaa Vaathiyaar
Clicked 'Play Trailer' button successfully
⚠️ Trailer video element not detected (may still be loading or using different player)
✅ 'Play Trailer' validation PASSED for: Vaa Vaathiyaar
2026-02-09 11:15:29 INFO  [main] SliderTest - ✅ 'Play Trailer' validation PASSED for: Vaa Vaathiyaar
✅ Movie 1 (Vaa Vaathiyaar) - Validation Summary: WatchOn=PASS, Trailer=PASS
⏭️ Navigated to next slide
----------------------------------------
🎯 Processing Slider Position: 2/10
✅ Movie Name: The Wrecking Crew
🔍 Validating content for: The Wrecking Crew (Position: 2)
📝 Checking description...
✅ Description found: Estranged half-brothers Jonny and James reunite af...
🔍 Validating 'Watch On' button for: The Wrecking Crew
✅ 'Watch On' button found for: The Wrecking Crew
Clicked 'Watch On' button using standard click
New window opened successfully
✅ Provider page opened - Title: Prime Video: The Wrecking Crew
   Provider URL: https://www.primevideo.com/detail/0K50UKMPUYMBHQJ4QVK6L0AICH/ref=atv_dl_rdr
✅ Provider page title matches movie: The Wrecking Crew
Closed provider window
✅ 'Watch On' validation PASSED for: The Wrecking Crew
2026-02-09 11:15:59 INFO  [main] SliderTest - ✅ 'Watch On' validation PASSED for: The Wrecking Crew
🔍 Validating 'Play Trailer' button for: The Wrecking Crew
✅ 'Play Trailer' button found for: The Wrecking Crew
Clicked 'Play Trailer' button successfully
⚠️ Trailer video element not detected (may still be loading or using different player)
✅ 'Play Trailer' validation PASSED for: The Wrecking Crew
2026-02-09 11:16:11 INFO  [main] SliderTest - ✅ 'Play Trailer' validation PASSED for: The Wrecking Crew
✅ Movie 2 (The Wrecking Crew) - Validation Summary: WatchOn=PASS, Trailer=PASS
⏭️ Navigated to next slide
----------------------------------------
🎯 Processing Slider Position: 3/10
✅ Movie Name: Cheekatilo
🔍 Validating content for: Cheekatilo (Position: 3)
📝 Checking description...
✅ Description found: When crime anchor Sandhya’s best friend is found d...
🔍 Validating 'Watch On' button for: Cheekatilo
✅ 'Watch On' button found for: Cheekatilo
Clicked 'Watch On' button using standard click
New window opened successfully
✅ Provider page opened - Title: Prime Video: Cheekatilo
   Provider URL: https://www.primevideo.com/detail/0GZG8X8UDN1GJT9HFB6KR07LCN/ref=atv_dl_rdr
✅ Provider page title matches movie: Cheekatilo
Closed provider window
✅ 'Watch On' validation PASSED for: Cheekatilo
2026-02-09 11:16:34 INFO  [main] SliderTest - ✅ 'Watch On' validation PASSED for: Cheekatilo
🔍 Validating 'Play Trailer' button for: Cheekatilo
✅ 'Play Trailer' button found for: Cheekatilo
Clicked 'Play Trailer' button successfully
⚠️ Trailer video element not detected (may still be loading or using different player)
✅ 'Play Trailer' validation PASSED for: Cheekatilo
2026-02-09 11:17:04 INFO  [main] SliderTest - ✅ 'Play Trailer' validation PASSED for: Cheekatilo
✅ Movie 3 (Cheekatilo) - Validation Summary: WatchOn=PASS, Trailer=PASS
⏭️ Navigated to next slide
----------------------------------------
🎯 Processing Slider Position: 4/10
✅ Movie Name: 120 Bahadur
🔍 Validating content for: 120 Bahadur (Position: 4)
📝 Checking description...
✅ Description found: Valiant Indian soldiers fight against Chinese troo...
🔍 Validating 'Watch On' button for: 120 Bahadur
✅ 'Watch On' button found for: 120 Bahadur
Clicked 'Watch On' button using standard click
New window opened successfully
✅ Provider page opened - Title: Prime Video: 120 Bahadur
   Provider URL: https://www.primevideo.com/detail/0SYKGN6K9B821RZN3SBXPG0DCR/ref=atv_dl_rdr
✅ Provider page title matches movie: 120 Bahadur
Closed provider window
✅ 'Watch On' validation PASSED for: 120 Bahadur
2026-02-09 11:17:27 INFO  [main] SliderTest - ✅ 'Watch On' validation PASSED for: 120 Bahadur
🔍 Validating 'Play Trailer' button for: 120 Bahadur
✅ 'Play Trailer' button found for: 120 Bahadur
Clicked 'Play Trailer' button successfully
⚠️ Trailer video element not detected (may still be loading or using different player)
✅ 'Play Trailer' validation PASSED for: 120 Bahadur
2026-02-09 11:17:38 INFO  [main] SliderTest - ✅ 'Play Trailer' validation PASSED for: 120 Bahadur
✅ Movie 4 (120 Bahadur) - Validation Summary: WatchOn=PASS, Trailer=PASS
⏭️ Navigated to next slide
----------------------------------------
🎯 Processing Slider Position: 5/10
✅ Movie Name: Jugnuma: The Fable
🔍 Validating content for: Jugnuma: The Fable (Position: 5)
📝 Checking description...
✅ Description found: Spring 1989. High up in the Indian Himalayas, wher...
🔍 Validating 'Watch On' button for: Jugnuma: The Fable
✅ 'Watch On' button found for: Jugnuma: The Fable
Clicked 'Watch On' button using standard click
New window opened successfully
✅ Provider page opened - Title: Prime Video: Jugnuma: The Fable
   Provider URL: https://www.primevideo.com/detail/0G8ZWUFBJL20FMDU3Y5XO953KU/ref=atv_dl_rdr
✅ Provider page title matches movie: Jugnuma: The Fable
Closed provider window
✅ 'Watch On' validation PASSED for: Jugnuma: The Fable
2026-02-09 11:17:57 INFO  [main] SliderTest - ✅ 'Watch On' validation PASSED for: Jugnuma: The Fable
🔍 Validating 'Play Trailer' button for: Jugnuma: The Fable
✅ 'Play Trailer' button found for: Jugnuma: The Fable
Clicked 'Play Trailer' button successfully
⚠️ Trailer video element not detected (may still be loading or using different player)
✅ 'Play Trailer' validation PASSED for: Jugnuma: The Fable
2026-02-09 11:18:21 INFO  [main] SliderTest - ✅ 'Play Trailer' validation PASSED for: Jugnuma: The Fable
✅ Movie 5 (Jugnuma: The Fable) - Validation Summary: WatchOn=PASS, Trailer=PASS
⏭️ Navigated to next slide
----------------------------------------
🎯 Processing Slider Position: 6/10
✅ Movie Name: Sankranthiki Vasthunam
🔍 Validating content for: Sankranthiki Vasthunam (Position: 6)
📝 Checking description...
✅ Description found: When a renowned tech entrepreneur is kidnapped upo...
🔍 Validating 'Watch On' button for: Sankranthiki Vasthunam
✅ 'Watch On' button found for: Sankranthiki Vasthunam
Clicked 'Watch On' button using standard click
New window opened successfully
✅ Provider page opened - Title: Prime Video: Sankranthiki Vasthunam
   Provider URL: https://www.primevideo.com/detail/0RX6DAWDA78XNPIMMIRTHTEORA/ref=atv_dl_rdr
✅ Provider page title matches movie: Sankranthiki Vasthunam
Closed provider window
✅ 'Watch On' validation PASSED for: Sankranthiki Vasthunam
2026-02-09 11:18:44 INFO  [main] SliderTest - ✅ 'Watch On' validation PASSED for: Sankranthiki Vasthunam
🔍 Validating 'Play Trailer' button for: Sankranthiki Vasthunam
✅ 'Play Trailer' button found for: Sankranthiki Vasthunam
Clicked 'Play Trailer' button successfully
⚠️ Trailer video element not detected (may still be loading or using different player)
✅ 'Play Trailer' validation PASSED for: Sankranthiki Vasthunam
2026-02-09 11:18:56 INFO  [main] SliderTest - ✅ 'Play Trailer' validation PASSED for: Sankranthiki Vasthunam
✅ Movie 6 (Sankranthiki Vasthunam) - Validation Summary: WatchOn=PASS, Trailer=PASS
⏭️ Navigated to next slide
----------------------------------------
🎯 Processing Slider Position: 7/10
✅ Movie Name: Dhandoraa
🔍 Validating content for: Dhandoraa (Position: 7)
📝 Checking description...
✅ Description found: In a remote village, over a single day, four chara...
🔍 Validating 'Watch On' button for: Dhandoraa
✅ 'Watch On' button found for: Dhandoraa
Clicked 'Watch On' button using standard click
New window opened successfully
✅ Provider page opened - Title: Prime Video: Dhandoraa
   Provider URL: https://www.primevideo.com/detail/0FOHKSENDRR92L30AYMUT1OLWU/ref=atv_dl_rdr
✅ Provider page title matches movie: Dhandoraa
Closed provider window
✅ 'Watch On' validation PASSED for: Dhandoraa
2026-02-09 11:19:28 INFO  [main] SliderTest - ✅ 'Watch On' validation PASSED for: Dhandoraa
🔍 Validating 'Play Trailer' button for: Dhandoraa
✅ 'Play Trailer' button found for: Dhandoraa
Clicked 'Play Trailer' button successfully
⚠️ Trailer video element not detected (may still be loading or using different player)
✅ 'Play Trailer' validation PASSED for: Dhandoraa
2026-02-09 11:19:45 INFO  [main] SliderTest - ✅ 'Play Trailer' validation PASSED for: Dhandoraa
✅ Movie 7 (Dhandoraa) - Validation Summary: WatchOn=PASS, Trailer=PASS
⏭️ Navigated to next slide
----------------------------------------
🎯 Processing Slider Position: 8/10
✅ Movie Name: Jigris
🔍 Validating content for: Jigris (Position: 8)
📝 Checking description...
✅ Description found: The story revolves around four friends embarking o...
🔍 Validating 'Watch On' button for: Jigris
✅ 'Watch On' button found for: Jigris
Clicked 'Watch On' button using standard click
New window opened successfully
✅ Provider page opened - Title: Prime Video: JIGRIS
   Provider URL: https://www.primevideo.com/detail/0FLPWVQD8AE5Z7WBNNVJ2FGRAJ/ref=atv_dl_rdr
✅ Provider page title matches movie: Jigris
Closed provider window
✅ 'Watch On' validation PASSED for: Jigris
2026-02-09 11:20:10 INFO  [main] SliderTest - ✅ 'Watch On' validation PASSED for: Jigris
🔍 Validating 'Play Trailer' button for: Jigris
✅ 'Play Trailer' button found for: Jigris
Clicked 'Play Trailer' button successfully
⚠️ Trailer video element not detected (may still be loading or using different player)
✅ 'Play Trailer' validation PASSED for: Jigris
2026-02-09 11:20:26 INFO  [main] SliderTest - ✅ 'Play Trailer' validation PASSED for: Jigris
✅ Movie 8 (Jigris) - Validation Summary: WatchOn=PASS, Trailer=PASS
⏭️ Navigated to next slide
----------------------------------------
🎯 Processing Slider Position: 9/10
✅ Movie Name: Retta Thala
🔍 Validating content for: Retta Thala (Position: 9)
📝 Checking description...
✅ Description found: Kaali, a struggling Pondicherry orphan encounters ...
🔍 Validating 'Watch On' button for: Retta Thala
✅ 'Watch On' button found for: Retta Thala
Clicked 'Watch On' button using standard click
New window opened successfully
✅ Provider page opened - Title: Prime Video: Retta Thala
   Provider URL: https://www.primevideo.com/detail/0IETWS45C9K4AONKPYC935BRUN/ref=atv_dl_rdr
✅ Provider page title matches movie: Retta Thala
Closed provider window
✅ 'Watch On' validation PASSED for: Retta Thala
2026-02-09 11:20:44 INFO  [main] SliderTest - ✅ 'Watch On' validation PASSED for: Retta Thala
🔍 Validating 'Play Trailer' button for: Retta Thala
✅ 'Play Trailer' button found for: Retta Thala
Clicked 'Play Trailer' button successfully
⚠️ Trailer video element not detected (may still be loading or using different player)
✅ 'Play Trailer' validation PASSED for: Retta Thala
2026-02-09 11:20:55 INFO  [main] SliderTest - ✅ 'Play Trailer' validation PASSED for: Retta Thala
✅ Movie 9 (Retta Thala) - Validation Summary: WatchOn=PASS, Trailer=PASS
⏭️ Navigated to next slide
----------------------------------------
🎯 Processing Slider Position: 10/10
✅ Movie Name: Maaman
🔍 Validating content for: Maaman (Position: 10)
📝 Checking description...
✅ Description found: An uncle's deep connection with his nephew is brok...
🔍 Validating 'Watch On' button for: Maaman
✅ 'Watch On' button found for: Maaman
Clicked 'Watch On' button using standard click
New window opened successfully
✅ Provider page opened - Title: Prime Video: Maaman
   Provider URL: https://www.primevideo.com/detail/0RZTYBEF91TNQ52XESKLEFKKYH/ref=atv_dl_rdr
✅ Provider page title matches movie: Maaman
Closed provider window
✅ 'Watch On' validation PASSED for: Maaman
2026-02-09 11:21:14 INFO  [main] SliderTest - ✅ 'Watch On' validation PASSED for: Maaman
🔍 Validating 'Play Trailer' button for: Maaman
✅ 'Play Trailer' button found for: Maaman
Clicked 'Play Trailer' button successfully
⚠️ Trailer video element not detected (may still be loading or using different player)
✅ 'Play Trailer' validation PASSED for: Maaman
2026-02-09 11:21:31 INFO  [main] SliderTest - ✅ 'Play Trailer' validation PASSED for: Maaman
✅ Movie 10 (Maaman) - Validation Summary: WatchOn=PASS, Trailer=PASS
⏭️ Navigated to next slide
----------------------------------------
✅ Total movies validated in slider: 10
📋 Step 4: Comparing front page movies with slider movies
🔍 Comparing front page movies with slider movies...
✅ Match at position 1: Vaa Vaathiyaar
✅ Match at position 2: The Wrecking Crew
✅ Match at position 3: Cheekatilo
✅ Match at position 4: 120 Bahadur
✅ Match at position 5: Jugnuma: The Fable
✅ Match at position 6: Sankranthiki Vasthunam
✅ Match at position 7: Dhandoraa
✅ Match at position 8: JIGRIS
✅ Match at position 9: Retta Thala
✅ Match at position 10: Maaman
📊 Comparison Results: 10 matches, 0 mismatches
🔙 Navigating back to home page...
✅ Ready for next provider

========================================
🔄 Testing Provider 4 of 7
========================================
✅ Clicked provider 4 using standard click
📋 Step 1: Collecting movies from front page
🔍 Fetching movies from front page...
📊 Found 10 movie elements on front page
   Movie 1: Sirai
   Movie 2: Mastiii 4
   Movie 3: 45
   Movie 4: Gurram Paapi Reddy
   Movie 5: Bha. Bha. Ba
   Movie 6: Mask
   Movie 7: Anaconda
   Movie 8: Ek Deewane Ki Deewaniyat
   Movie 9: Saali Mohabbat
   Movie 10: Dominic and the Ladies' Purse
🎬 Front Page Movies List:
 ➤ Sirai
 ➤ Mastiii 4
 ➤ 45
 ➤ Gurram Paapi Reddy
 ➤ Bha. Bha. Ba
 ➤ Mask
 ➤ Anaconda
 ➤ Ek Deewane Ki Deewaniyat
 ➤ Saali Mohabbat
 ➤ Dominic and the Ladies' Purse
✅ Total movies found on front page: 10
📋 Step 2: Opening slider by clicking first movie
✅ First movie clicked, slider opened
📋 Step 3: Validating movies in slider
🔄 Starting slider navigation and validation...
----------------------------------------
🎯 Processing Slider Position: 1/10
✅ Movie Name: Sirai
🔍 Validating content for: Sirai (Position: 1)
📝 Checking description...
✅ Description found: As he transfers a young convict from prison to cou...
🔍 Validating 'Watch On' button for: Sirai
✅ 'Watch On' button found for: Sirai
Clicked 'Watch On' button using standard click
New window opened successfully
⚠️ Could not get provider page details: script timeout
  (Session info: chrome=144.0.7559.133)
Build info: version: '4.38.0', revision: '6b412e825c*'
System info: os.name: 'Mac OS X', os.arch: 'x86_64', os.version: '15.6', java.version: '21.0.10'
Driver info: org.openqa.selenium.chrome.ChromeDriver
Command: [d8adafa9d7c08c5d09f9b235861ca1f7, executeScript {script=return document.readyState, args=[]}]
Capabilities {acceptInsecureCerts: false, browserName: chrome, browserVersion: 144.0.7559.133, chrome: {chromedriverVersion: 144.0.7559.133 (7da823b1d59..., userDataDir: /var/folders/7c/14lszzc111x...}, fedcm:accounts: true, goog:chromeOptions: {debuggerAddress: localhost:53861}, goog:processID: 1323, networkConnectionEnabled: false, pageLoadStrategy: normal, platformName: mac, proxy: Proxy(), se:cdp: ws://localhost:53861/devtoo..., se:cdpVersion: 144.0.7559.133, setWindowRect: true, strictFileInteractability: false, timeouts: {implicit: 0, pageLoad: 300000, script: 30000}, unhandledPromptBehavior: dismiss and notify, webauthn:extension:credBlob: true, webauthn:extension:largeBlob: true, webauthn:extension:minPinLength: true, webauthn:extension:prf: true, webauthn:virtualAuthenticators: true}
Session ID: d8adafa9d7c08c5d09f9b235861ca1f7
Closed provider window
✅ 'Watch On' validation PASSED for: Sirai
2026-02-09 11:24:14 INFO  [main] SliderTest - ✅ 'Watch On' validation PASSED for: Sirai
🔍 Validating 'Play Trailer' button for: Sirai
✅ 'Play Trailer' button found for: Sirai
Clicked 'Play Trailer' button successfully
⚠️ Trailer video element not detected (may still be loading or using different player)
✅ 'Play Trailer' validation PASSED for: Sirai
2026-02-09 11:24:57 INFO  [main] SliderTest - ✅ 'Play Trailer' validation PASSED for: Sirai
✅ Movie 1 (Sirai) - Validation Summary: WatchOn=PASS, Trailer=PASS
⏭️ Navigated to next slide
----------------------------------------
🎯 Processing Slider Position: 2/10
✅ Movie Name: Mastiii 4
🔍 Validating content for: Mastiii 4 (Position: 2)
📝 Checking description...
✅ Description found: Three frustrated husbands seek freedom from their ...
🔍 Validating 'Watch On' button for: Mastiii 4
✅ 'Watch On' button found for: Mastiii 4
Clicked 'Watch On' button using standard click
New window opened successfully
⚠️ Could not get provider page details: script timeout
  (Session info: chrome=144.0.7559.133)
Build info: version: '4.38.0', revision: '6b412e825c*'
System info: os.name: 'Mac OS X', os.arch: 'x86_64', os.version: '15.6', java.version: '21.0.10'
Driver info: org.openqa.selenium.chrome.ChromeDriver
Command: [d8adafa9d7c08c5d09f9b235861ca1f7, executeScript {script=return document.readyState, args=[]}]
Capabilities {acceptInsecureCerts: false, browserName: chrome, browserVersion: 144.0.7559.133, chrome: {chromedriverVersion: 144.0.7559.133 (7da823b1d59..., userDataDir: /var/folders/7c/14lszzc111x...}, fedcm:accounts: true, goog:chromeOptions: {debuggerAddress: localhost:53861}, goog:processID: 1323, networkConnectionEnabled: false, pageLoadStrategy: normal, platformName: mac, proxy: Proxy(), se:cdp: ws://localhost:53861/devtoo..., se:cdpVersion: 144.0.7559.133, setWindowRect: true, strictFileInteractability: false, timeouts: {implicit: 0, pageLoad: 300000, script: 30000}, unhandledPromptBehavior: dismiss and notify, webauthn:extension:credBlob: true, webauthn:extension:largeBlob: true, webauthn:extension:minPinLength: true, webauthn:extension:prf: true, webauthn:virtualAuthenticators: true}
Session ID: d8adafa9d7c08c5d09f9b235861ca1f7
Closed provider window
✅ 'Watch On' validation PASSED for: Mastiii 4
2026-02-09 11:26:52 INFO  [main] SliderTest - ✅ 'Watch On' validation PASSED for: Mastiii 4
🔍 Validating 'Play Trailer' button for: Mastiii 4
✅ 'Play Trailer' button found for: Mastiii 4
Clicked 'Play Trailer' button successfully
⚠️ Trailer video element not detected (may still be loading or using different player)
✅ 'Play Trailer' validation PASSED for: Mastiii 4
2026-02-09 11:27:34 INFO  [main] SliderTest - ✅ 'Play Trailer' validation PASSED for: Mastiii 4
✅ Movie 2 (Mastiii 4) - Validation Summary: WatchOn=PASS, Trailer=PASS
⏭️ Navigated to next slide
----------------------------------------
🎯 Processing Slider Position: 3/10
✅ Movie Name: 45
🔍 Validating content for: 45 (Position: 3)
📝 Checking description...
✅ Description found: A captivating new project by Suraj Production and ...
🔍 Validating 'Watch On' button for: 45
✅ 'Watch On' button found for: 45
Clicked 'Watch On' button using standard click
New window opened successfully
✅ Provider page opened - Title: Watch 45 Full HD Movie Online on ZEE5
   Provider URL: https://www.zee5.com/movies/details/45/0-0-1z5895203
✅ Provider page title matches movie: 45
Closed provider window
✅ 'Watch On' validation PASSED for: 45
2026-02-09 11:29:15 INFO  [main] SliderTest - ✅ 'Watch On' validation PASSED for: 45
🔍 Validating 'Play Trailer' button for: 45
✅ 'Play Trailer' button found for: 45
Clicked 'Play Trailer' button successfully
⚠️ Trailer video element not detected (may still be loading or using different player)
✅ 'Play Trailer' validation PASSED for: 45
2026-02-09 11:29:30 INFO  [main] SliderTest - ✅ 'Play Trailer' validation PASSED for: 45
✅ Movie 3 (45) - Validation Summary: WatchOn=PASS, Trailer=PASS
⏭️ Navigated to next slide
----------------------------------------
🎯 Processing Slider Position: 4/10
✅ Movie Name: Gurram Paapi Reddy
🔍 Validating content for: Gurram Paapi Reddy (Position: 4)
📝 Checking description...
✅ Description found: A mysterious con man curates a team to swap a dead...
🔍 Validating 'Watch On' button for: Gurram Paapi Reddy
✅ 'Watch On' button found for: Gurram Paapi Reddy
Clicked 'Watch On' button using standard click
New window opened successfully
✅ Provider page opened - Title: Watch Gurram Paapi Reddy Full HD Movie Online on ZEE5
   Provider URL: https://www.zee5.com/movies/details/gurram-paapi-reddy/0-0-1z5891277
✅ Provider page title matches movie: Gurram Paapi Reddy
Closed provider window
✅ 'Watch On' validation PASSED for: Gurram Paapi Reddy
2026-02-09 11:30:57 INFO  [main] SliderTest - ✅ 'Watch On' validation PASSED for: Gurram Paapi Reddy
🔍 Validating 'Play Trailer' button for: Gurram Paapi Reddy
✅ 'Play Trailer' button found for: Gurram Paapi Reddy
Clicked 'Play Trailer' button successfully
⚠️ Trailer video element not detected (may still be loading or using different player)
✅ 'Play Trailer' validation PASSED for: Gurram Paapi Reddy
2026-02-09 11:31:34 INFO  [main] SliderTest - ✅ 'Play Trailer' validation PASSED for: Gurram Paapi Reddy
✅ Movie 4 (Gurram Paapi Reddy) - Validation Summary: WatchOn=PASS, Trailer=PASS
⏭️ Navigated to next slide
----------------------------------------
🎯 Processing Slider Position: 5/10
✅ Movie Name: Bha Bha Ba
🔍 Validating content for: Bha Bha Ba (Position: 5)
📝 Checking description...
✅ Description found: After the Chief Minister of Kerala is kidnapped, a...
🔍 Validating 'Watch On' button for: Bha Bha Ba
✅ 'Watch On' button found for: Bha Bha Ba
Clicked 'Watch On' button using standard click
New window opened successfully
✅ Provider page opened - Title: Watch Bha. Bha. Ba Full HD Movie Online on ZEE5
   Provider URL: https://www.zee5.com/movies/details/bha-bha-ba/0-0-1z5891286
⚠️ Provider page title may not match - Expected: Bha Bha Ba | Actual: Watch Bha. Bha. Ba Full HD Movie Online on ZEE5
Closed provider window
✅ 'Watch On' validation PASSED for: Bha Bha Ba
2026-02-09 11:32:48 INFO  [main] SliderTest - ✅ 'Watch On' validation PASSED for: Bha Bha Ba
🔍 Validating 'Play Trailer' button for: Bha Bha Ba
✅ 'Play Trailer' button found for: Bha Bha Ba
Clicked 'Play Trailer' button successfully
⚠️ Trailer video element not detected (may still be loading or using different player)
✅ 'Play Trailer' validation PASSED for: Bha Bha Ba
2026-02-09 11:33:26 INFO  [main] SliderTest - ✅ 'Play Trailer' validation PASSED for: Bha Bha Ba
✅ Movie 5 (Bha Bha Ba) - Validation Summary: WatchOn=PASS, Trailer=PASS
⏭️ Navigated to next slide
----------------------------------------
🎯 Processing Slider Position: 6/10
✅ Movie Name: Mask
🔍 Validating content for: Mask (Position: 6)
📝 Checking description...
❌ Description is MISSING for: Mask
📸 Screenshot saved: screenshots/failures/Movie_Mask_MissingDescription_20260209_113344.png
2026-02-09 11:33:44 INFO  [main] SliderTest - Description is missing for Mask
🔍 Validating 'Watch On' button for: Mask
✅ 'Watch On' button found for: Mask
Clicked 'Watch On' button using standard click
New window opened successfully
✅ Provider page opened - Title: Watch Mask Full HD Movie Online on ZEE5
   Provider URL: https://www.zee5.com/movies/details/mask/0-0-1z5886969
✅ Provider page title matches movie: Mask
Closed provider window
✅ 'Watch On' validation PASSED for: Mask
2026-02-09 11:34:39 INFO  [main] SliderTest - ✅ 'Watch On' validation PASSED for: Mask
🔍 Validating 'Play Trailer' button for: Mask
✅ 'Play Trailer' button found for: Mask
Clicked 'Play Trailer' button successfully
⚠️ Trailer video element not detected (may still be loading or using different player)
✅ 'Play Trailer' validation PASSED for: Mask
2026-02-09 11:35:14 INFO  [main] SliderTest - ✅ 'Play Trailer' validation PASSED for: Mask
✅ Movie 6 (Mask) - Validation Summary: WatchOn=PASS, Trailer=PASS
⏭️ Navigated to next slide
----------------------------------------
🎯 Processing Slider Position: 7/10
✅ Movie Name: Anaconda
🔍 Validating content for: Anaconda (Position: 7)
📝 Checking description...
✅ Description found: A group of friends facing mid-life crises head to ...
🔍 Validating 'Watch On' button for: Anaconda
✅ 'Watch On' button found for: Anaconda
Clicked 'Watch On' button using standard click
New window opened successfully
✅ Provider page opened - Title: Watch Anaconda Full HD Movie Online on ZEE5
   Provider URL: https://www.zee5.com/movies/details/anaconda/0-0-1z5902674
✅ Provider page title matches movie: Anaconda
Closed provider window
✅ 'Watch On' validation PASSED for: Anaconda
2026-02-09 11:36:24 INFO  [main] SliderTest - ✅ 'Watch On' validation PASSED for: Anaconda
🔍 Validating 'Play Trailer' button for: Anaconda
✅ 'Play Trailer' button found for: Anaconda
Clicked 'Play Trailer' button successfully
⚠️ Trailer video element not detected (may still be loading or using different player)
✅ 'Play Trailer' validation PASSED for: Anaconda
2026-02-09 11:36:43 INFO  [main] SliderTest - ✅ 'Play Trailer' validation PASSED for: Anaconda
✅ Movie 7 (Anaconda) - Validation Summary: WatchOn=PASS, Trailer=PASS
⏭️ Navigated to next slide
----------------------------------------
🎯 Processing Slider Position: 8/10
✅ Movie Name: Ek Deewane Ki Deewaniyat
🔍 Validating content for: Ek Deewane Ki Deewaniyat (Position: 8)
📝 Checking description...
✅ Description found: When Vikramaditya, a powerful politician falls for...
🔍 Validating 'Watch On' button for: Ek Deewane Ki Deewaniyat
✅ 'Watch On' button found for: Ek Deewane Ki Deewaniyat
Clicked 'Watch On' button using standard click
New window opened successfully
✅ Provider page opened - Title: Ek Deewane Ki Deewaniyat Full Movie Online in 4K | Watch Hindi Romance Drama on ZEE5
   Provider URL: https://www.zee5.com/movies/details/ek-deewane-ki-deewaniyat/0-0-1z5878368
✅ Provider page title matches movie: Ek Deewane Ki Deewaniyat
Closed provider window
✅ 'Watch On' validation PASSED for: Ek Deewane Ki Deewaniyat
2026-02-09 11:37:54 INFO  [main] SliderTest - ✅ 'Watch On' validation PASSED for: Ek Deewane Ki Deewaniyat
🔍 Validating 'Play Trailer' button for: Ek Deewane Ki Deewaniyat
✅ 'Play Trailer' button found for: Ek Deewane Ki Deewaniyat
Clicked 'Play Trailer' button successfully
⚠️ Trailer video element not detected (may still be loading or using different player)
✅ 'Play Trailer' validation PASSED for: Ek Deewane Ki Deewaniyat
2026-02-09 11:38:11 INFO  [main] SliderTest - ✅ 'Play Trailer' validation PASSED for: Ek Deewane Ki Deewaniyat
✅ Movie 8 (Ek Deewane Ki Deewaniyat) - Validation Summary: WatchOn=PASS, Trailer=PASS
⏭️ Navigated to next slide
----------------------------------------
🎯 Processing Slider Position: 9/10
✅ Movie Name: Saali Mohabbat
🔍 Validating content for: Saali Mohabbat (Position: 9)
📝 Checking description...
✅ Description found: A housewife gets entangled in a tale of infidelity...
🔍 Validating 'Watch On' button for: Saali Mohabbat
✅ 'Watch On' button found for: Saali Mohabbat
Clicked 'Watch On' button using standard click
New window opened successfully
✅ Provider page opened - Title: Watch Saali Mohabbat (2025) Full 4K Movie Online on ZEE5
   Provider URL: https://www.zee5.com/movies/details/saali-mohabbat/0-0-1z5857652
✅ Provider page title matches movie: Saali Mohabbat
Closed provider window
✅ 'Watch On' validation PASSED for: Saali Mohabbat
2026-02-09 11:39:20 INFO  [main] SliderTest - ✅ 'Watch On' validation PASSED for: Saali Mohabbat
🔍 Validating 'Play Trailer' button for: Saali Mohabbat
✅ 'Play Trailer' button found for: Saali Mohabbat
Clicked 'Play Trailer' button successfully
⚠️ Trailer video element not detected (may still be loading or using different player)
✅ 'Play Trailer' validation PASSED for: Saali Mohabbat
2026-02-09 11:39:34 INFO  [main] SliderTest - ✅ 'Play Trailer' validation PASSED for: Saali Mohabbat
✅ Movie 9 (Saali Mohabbat) - Validation Summary: WatchOn=PASS, Trailer=PASS
⏭️ Navigated to next slide
----------------------------------------
🎯 Processing Slider Position: 10/10
✅ Movie Name: Dominic and the Ladies' Purse
🔍 Validating content for: Dominic and the Ladies' Purse (Position: 10)
📝 Checking description...
✅ Description found: Dominic, a disgraced ex-cop turned detective, take...
🔍 Validating 'Watch On' button for: Dominic and the Ladies' Purse
✅ 'Watch On' button found for: Dominic and the Ladies' Purse
Clicked 'Watch On' button using standard click
New window opened successfully
✅ Provider page opened - Title: Watch Dominic and the Ladies' Purse Full HD Movie Online on ZEE5
   Provider URL: https://www.zee5.com/movies/details/dominic-and-the-ladies-purse/0-0-1z5874712
✅ Provider page title matches movie: Dominic and the Ladies' Purse
Closed provider window
✅ 'Watch On' validation PASSED for: Dominic and the Ladies' Purse
2026-02-09 11:40:41 INFO  [main] SliderTest - ✅ 'Watch On' validation PASSED for: Dominic and the Ladies' Purse
🔍 Validating 'Play Trailer' button for: Dominic and the Ladies' Purse
✅ 'Play Trailer' button found for: Dominic and the Ladies' Purse
Clicked 'Play Trailer' button successfully
⚠️ Trailer video element not detected (may still be loading or using different player)
✅ 'Play Trailer' validation PASSED for: Dominic and the Ladies' Purse
2026-02-09 11:40:57 INFO  [main] SliderTest - ✅ 'Play Trailer' validation PASSED for: Dominic and the Ladies' Purse
✅ Movie 10 (Dominic and the Ladies' Purse) - Validation Summary: WatchOn=PASS, Trailer=PASS
⏭️ Navigated to next slide
----------------------------------------
✅ Total movies validated in slider: 10
📋 Step 4: Comparing front page movies with slider movies
🔍 Comparing front page movies with slider movies...
✅ Match at position 1: Sirai
✅ Match at position 2: Mastiii 4
✅ Match at position 3: 45
✅ Match at position 4: Gurram Paapi Reddy
❌ Mismatch at position 5 | Front: Bha. Bha. Ba | Slider: Bha Bha Ba
✅ Match at position 6: Mask
✅ Match at position 7: Anaconda
✅ Match at position 8: Ek Deewane Ki Deewaniyat
✅ Match at position 9: Saali Mohabbat
✅ Match at position 10: Dominic and the Ladies' Purse
📊 Comparison Results: 9 matches, 1 mismatches
🔙 Navigating back to home page...
✅ Ready for next provider

========================================
🔄 Testing Provider 5 of 7
========================================
✅ Clicked provider 5 using standard click
📋 Step 1: Collecting movies from front page
🔍 Fetching movies from front page...
📊 Found 10 movie elements on front page
   Movie 1: Ranna Baati
   Movie 2: The Eken Ruddhaswas Rajasthan
   Movie 3: Kakababur Protyaborton
   Movie 4: Karnasubarner Guptodhon
   Movie 5: Bhooter Bhabishyat
   Movie 6: Putulnacher Itikatha
   Movie 7: Killbill Society
   Movie 8: Pradhan
   Movie 9: Grihapravesh
   Movie 10: Raktabeej
🎬 Front Page Movies List:
 ➤ Ranna Baati
 ➤ The Eken Ruddhaswas Rajasthan
 ➤ Kakababur Protyaborton
 ➤ Karnasubarner Guptodhon
 ➤ Bhooter Bhabishyat
 ➤ Putulnacher Itikatha
 ➤ Killbill Society
 ➤ Pradhan
 ➤ Grihapravesh
 ➤ Raktabeej
✅ Total movies found on front page: 10
📋 Step 2: Opening slider by clicking first movie
✅ First movie clicked, slider opened
📋 Step 3: Validating movies in slider
🔄 Starting slider navigation and validation...
----------------------------------------
🎯 Processing Slider Position: 1/10
✅ Movie Name: Ranna Baati
🔍 Validating content for: Ranna Baati (Position: 1)
📝 Checking description...
✅ Description found: In the bustling, nostalgic lanes of North Kolkata,...
🔍 Validating 'Watch On' button for: Ranna Baati
✅ 'Watch On' button found for: Ranna Baati
Clicked 'Watch On' button using standard click
New window opened successfully
✅ Provider page opened - Title: Attention Required! | Cloudflare
   Provider URL: https://www.hoichoi.tv/?permalink=/movies/ranna-baati
⚠️ Provider page title may not match - Expected: Ranna Baati | Actual: Attention Required! | Cloudflare
Closed provider window
✅ 'Watch On' validation PASSED for: Ranna Baati
2026-02-09 11:42:32 INFO  [main] SliderTest - ✅ 'Watch On' validation PASSED for: Ranna Baati
🔍 Validating 'Play Trailer' button for: Ranna Baati
✅ 'Play Trailer' button found for: Ranna Baati
Clicked 'Play Trailer' button successfully
⚠️ Trailer video element not detected (may still be loading or using different player)
✅ 'Play Trailer' validation PASSED for: Ranna Baati
2026-02-09 11:42:46 INFO  [main] SliderTest - ✅ 'Play Trailer' validation PASSED for: Ranna Baati
✅ Movie 1 (Ranna Baati) - Validation Summary: WatchOn=PASS, Trailer=PASS
⏭️ Navigated to next slide
----------------------------------------
🎯 Processing Slider Position: 2/10
✅ Movie Name: The Eken: Ruddhaswas Rajasthan
🔍 Validating content for: The Eken: Ruddhaswas Rajasthan (Position: 2)
📝 Checking description...
✅ Description found: While Ekendra Sen was enjoying his vacation in col...
🔍 Validating 'Watch On' button for: The Eken: Ruddhaswas Rajasthan
✅ 'Watch On' button found for: The Eken: Ruddhaswas Rajasthan
Clicked 'Watch On' button using standard click
New window opened successfully
✅ Provider page opened - Title: Attention Required! | Cloudflare
   Provider URL: https://www.hoichoi.tv/?permalink=/movies/the-eken-ruddhaswas-rajasthan
⚠️ Provider page title may not match - Expected: The Eken: Ruddhaswas Rajasthan | Actual: Attention Required! | Cloudflare
Closed provider window
✅ 'Watch On' validation PASSED for: The Eken: Ruddhaswas Rajasthan
2026-02-09 11:43:04 INFO  [main] SliderTest - ✅ 'Watch On' validation PASSED for: The Eken: Ruddhaswas Rajasthan
🔍 Validating 'Play Trailer' button for: The Eken: Ruddhaswas Rajasthan
✅ 'Play Trailer' button found for: The Eken: Ruddhaswas Rajasthan
Clicked 'Play Trailer' button successfully
⚠️ Trailer video element not detected (may still be loading or using different player)
✅ 'Play Trailer' validation PASSED for: The Eken: Ruddhaswas Rajasthan
2026-02-09 11:43:22 INFO  [main] SliderTest - ✅ 'Play Trailer' validation PASSED for: The Eken: Ruddhaswas Rajasthan
✅ Movie 2 (The Eken: Ruddhaswas Rajasthan) - Validation Summary: WatchOn=PASS, Trailer=PASS
⏭️ Navigated to next slide
----------------------------------------
🎯 Processing Slider Position: 3/10
✅ Movie Name: Kakababur Protyaborton
🔍 Validating content for: Kakababur Protyaborton (Position: 3)
📝 Checking description...
✅ Description found: A famous hotel in Nairobi is about to close. Peopl...
🔍 Validating 'Watch On' button for: Kakababur Protyaborton
✅ 'Watch On' button found for: Kakababur Protyaborton
Clicked 'Watch On' button using standard click
New window opened successfully
✅ Provider page opened - Title: Attention Required! | Cloudflare
   Provider URL: https://www.hoichoi.tv/?permalink=/movie/kakababur-protyabartan
⚠️ Provider page title may not match - Expected: Kakababur Protyaborton | Actual: Attention Required! | Cloudflare
Closed provider window
✅ 'Watch On' validation PASSED for: Kakababur Protyaborton
2026-02-09 11:44:00 INFO  [main] SliderTest - ✅ 'Watch On' validation PASSED for: Kakababur Protyaborton
🔍 Validating 'Play Trailer' button for: Kakababur Protyaborton
✅ 'Play Trailer' button found for: Kakababur Protyaborton
Clicked 'Play Trailer' button successfully
⚠️ Trailer video element not detected (may still be loading or using different player)
✅ 'Play Trailer' validation PASSED for: Kakababur Protyaborton
2026-02-09 11:44:13 INFO  [main] SliderTest - ✅ 'Play Trailer' validation PASSED for: Kakababur Protyaborton
✅ Movie 3 (Kakababur Protyaborton) - Validation Summary: WatchOn=PASS, Trailer=PASS
⏭️ Navigated to next slide
----------------------------------------
🎯 Processing Slider Position: 4/10
✅ Movie Name: Karnasubarner Guptodhon
🔍 Validating content for: Karnasubarner Guptodhon (Position: 4)
📝 Checking description...
✅ Description found: Sona Da, Abir and Jhinuk come across a riddle that...
🔍 Validating 'Watch On' button for: Karnasubarner Guptodhon
✅ 'Watch On' button found for: Karnasubarner Guptodhon
Clicked 'Watch On' button using standard click
New window opened successfully
✅ Provider page opened - Title: Attention Required! | Cloudflare
   Provider URL: https://www.hoichoi.tv/?permalink=/movies/watch-karnasubarner-guptodhon-bengali-movie-online
⚠️ Provider page title may not match - Expected: Karnasubarner Guptodhon | Actual: Attention Required! | Cloudflare
Closed provider window
✅ 'Watch On' validation PASSED for: Karnasubarner Guptodhon
2026-02-09 11:44:31 INFO  [main] SliderTest - ✅ 'Watch On' validation PASSED for: Karnasubarner Guptodhon
🔍 Validating 'Play Trailer' button for: Karnasubarner Guptodhon
✅ 'Play Trailer' button found for: Karnasubarner Guptodhon
Clicked 'Play Trailer' button successfully
⚠️ Trailer video element not detected (may still be loading or using different player)
✅ 'Play Trailer' validation PASSED for: Karnasubarner Guptodhon
2026-02-09 11:44:45 INFO  [main] SliderTest - ✅ 'Play Trailer' validation PASSED for: Karnasubarner Guptodhon
✅ Movie 4 (Karnasubarner Guptodhon) - Validation Summary: WatchOn=PASS, Trailer=PASS
⏭️ Navigated to next slide
----------------------------------------
🎯 Processing Slider Position: 5/10
✅ Movie Name: Bhooter Bhabishyat
🔍 Validating content for: Bhooter Bhabishyat (Position: 5)
📝 Checking description...
✅ Description found: A young director listens to a hilariously scary st...
🔍 Validating 'Watch On' button for: Bhooter Bhabishyat
✅ 'Watch On' button found for: Bhooter Bhabishyat
Clicked 'Watch On' button using standard click
New window opened successfully
✅ Provider page opened - Title: Attention Required! | Cloudflare
   Provider URL: https://www.hoichoi.tv/?permalink=/films/title/bhooter-bhabishyat
⚠️ Provider page title may not match - Expected: Bhooter Bhabishyat | Actual: Attention Required! | Cloudflare
Closed provider window
✅ 'Watch On' validation PASSED for: Bhooter Bhabishyat
2026-02-09 11:45:06 INFO  [main] SliderTest - ✅ 'Watch On' validation PASSED for: Bhooter Bhabishyat
🔍 Validating 'Play Trailer' button for: Bhooter Bhabishyat
✅ 'Play Trailer' button found for: Bhooter Bhabishyat
Clicked 'Play Trailer' button successfully
⚠️ Trailer video element not detected (may still be loading or using different player)
✅ 'Play Trailer' validation PASSED for: Bhooter Bhabishyat
2026-02-09 11:45:21 INFO  [main] SliderTest - ✅ 'Play Trailer' validation PASSED for: Bhooter Bhabishyat
✅ Movie 5 (Bhooter Bhabishyat) - Validation Summary: WatchOn=PASS, Trailer=PASS
⏭️ Navigated to next slide
----------------------------------------
🎯 Processing Slider Position: 6/10
✅ Movie Name: Putulnacher Itikatha
🔍 Validating content for: Putulnacher Itikatha (Position: 6)
📝 Checking description...
✅ Description found: Shashi, an urbane doctor, returns to his native vi...
🔍 Validating 'Watch On' button for: Putulnacher Itikatha
✅ 'Watch On' button found for: Putulnacher Itikatha
Clicked 'Watch On' button using standard click
New window opened successfully
✅ Provider page opened - Title: Attention Required! | Cloudflare
   Provider URL: https://www.hoichoi.tv/?permalink=/movies/putulnacher-itikotha
⚠️ Provider page title may not match - Expected: Putulnacher Itikatha | Actual: Attention Required! | Cloudflare
Closed provider window
✅ 'Watch On' validation PASSED for: Putulnacher Itikatha
2026-02-09 11:45:41 INFO  [main] SliderTest - ✅ 'Watch On' validation PASSED for: Putulnacher Itikatha
🔍 Validating 'Play Trailer' button for: Putulnacher Itikatha
✅ 'Play Trailer' button found for: Putulnacher Itikatha
Clicked 'Play Trailer' button successfully
⚠️ Trailer video element not detected (may still be loading or using different player)
✅ 'Play Trailer' validation PASSED for: Putulnacher Itikatha
2026-02-09 11:46:00 INFO  [main] SliderTest - ✅ 'Play Trailer' validation PASSED for: Putulnacher Itikatha
✅ Movie 6 (Putulnacher Itikatha) - Validation Summary: WatchOn=PASS, Trailer=PASS
⏭️ Navigated to next slide
----------------------------------------
🎯 Processing Slider Position: 7/10
✅ Movie Name: Killbill Society
🔍 Validating content for: Killbill Society (Position: 7)
📝 Checking description...
✅ Description found: As Ananda Kar returns, now as Mrityunjay Kar, trut...
🔍 Validating 'Watch On' button for: Killbill Society
✅ 'Watch On' button found for: Killbill Society
Clicked 'Watch On' button using standard click
New window opened successfully
✅ Provider page opened - Title: Attention Required! | Cloudflare
   Provider URL: https://www.hoichoi.tv/?permalink=/movies/watch-killbill-society-bengali-movie-on-hoichoi
⚠️ Provider page title may not match - Expected: Killbill Society | Actual: Attention Required! | Cloudflare
Closed provider window
✅ 'Watch On' validation PASSED for: Killbill Society
2026-02-09 11:46:22 INFO  [main] SliderTest - ✅ 'Watch On' validation PASSED for: Killbill Society
🔍 Validating 'Play Trailer' button for: Killbill Society
✅ 'Play Trailer' button found for: Killbill Society
Clicked 'Play Trailer' button successfully
⚠️ Trailer video element not detected (may still be loading or using different player)
✅ 'Play Trailer' validation PASSED for: Killbill Society
2026-02-09 11:46:36 INFO  [main] SliderTest - ✅ 'Play Trailer' validation PASSED for: Killbill Society
✅ Movie 7 (Killbill Society) - Validation Summary: WatchOn=PASS, Trailer=PASS
⏭️ Navigated to next slide
----------------------------------------
🎯 Processing Slider Position: 8/10
✅ Movie Name: Pradhan
🔍 Validating content for: Pradhan (Position: 8)
📝 Checking description...
✅ Description found: Deepak Pradhan, a young police officer, gets trans...
🔍 Validating 'Watch On' button for: Pradhan
✅ 'Watch On' button found for: Pradhan
Clicked 'Watch On' button using standard click
New window opened successfully
✅ Provider page opened - Title: Attention Required! | Cloudflare
   Provider URL: https://www.hoichoi.tv/?permalink=/movies/watch-pradhan-bengali-movie-on-hoichoi
⚠️ Provider page title may not match - Expected: Pradhan | Actual: Attention Required! | Cloudflare
Closed provider window
✅ 'Watch On' validation PASSED for: Pradhan
2026-02-09 11:46:59 INFO  [main] SliderTest - ✅ 'Watch On' validation PASSED for: Pradhan
🔍 Validating 'Play Trailer' button for: Pradhan
✅ 'Play Trailer' button found for: Pradhan
Clicked 'Play Trailer' button successfully
⚠️ Trailer video element not detected (may still be loading or using different player)
✅ 'Play Trailer' validation PASSED for: Pradhan
2026-02-09 11:47:25 INFO  [main] SliderTest - ✅ 'Play Trailer' validation PASSED for: Pradhan
✅ Movie 8 (Pradhan) - Validation Summary: WatchOn=PASS, Trailer=PASS
⏭️ Navigated to next slide
----------------------------------------
🎯 Processing Slider Position: 9/10
✅ Movie Name: Grihapravesh
🔍 Validating content for: Grihapravesh (Position: 9)
📝 Checking description...
✅ Description found: In a fading North Calcutta Rajbari, Titli clings t...
🔍 Validating 'Watch On' button for: Grihapravesh
✅ 'Watch On' button found for: Grihapravesh
Clicked 'Watch On' button using standard click
New window opened successfully
✅ Provider page opened - Title: Attention Required! | Cloudflare
   Provider URL: https://www.hoichoi.tv/?permalink=/movies/grihapravesh
⚠️ Provider page title may not match - Expected: Grihapravesh | Actual: Attention Required! | Cloudflare
Closed provider window
✅ 'Watch On' validation PASSED for: Grihapravesh
2026-02-09 11:47:55 INFO  [main] SliderTest - ✅ 'Watch On' validation PASSED for: Grihapravesh
🔍 Validating 'Play Trailer' button for: Grihapravesh
✅ 'Play Trailer' button found for: Grihapravesh
Clicked 'Play Trailer' button successfully
⚠️ Trailer video element not detected (may still be loading or using different player)
✅ 'Play Trailer' validation PASSED for: Grihapravesh
2026-02-09 11:48:10 INFO  [main] SliderTest - ✅ 'Play Trailer' validation PASSED for: Grihapravesh
[...]
Session ID: caf52e8c270cd5656cd40e028b829762
	at java.base/jdk.internal.reflect.DirectConstructorHandleAccessor.newInstance(DirectConstructorHandleAccessor.java:62)
	at java.base/java.lang.reflect.Constructor.newInstanceWithCaller(Constructor.java:502)
	at java.base/java.lang.reflect.Constructor.newInstance(Constructor.java:486)
	at org.openqa.selenium.remote.ErrorCodec.decode(ErrorCodec.java:167)
	at org.openqa.selenium.remote.codec.w3c.W3CHttpResponseCodec.decode(W3CHttpResponseCodec.java:138)
	at org.openqa.selenium.remote.codec.w3c.W3CHttpResponseCodec.decode(W3CHttpResponseCodec.java:50)
	at org.openqa.selenium.remote.HttpCommandExecutor.execute(HttpCommandExecutor.java:215)
	at org.openqa.selenium.remote.service.DriverCommandExecutor.invokeExecute(DriverCommandExecutor.java:216)
	at org.openqa.selenium.remote.service.DriverCommandExecutor.execute(DriverCommandExecutor.java:174)
	at org.openqa.selenium.remote.RemoteWebDriver.execute(RemoteWebDriver.java:557)
	at org.openqa.selenium.remote.ElementLocation$ElementFinder$2.findElement(ElementLocation.java:165)
	at org.openqa.selenium.remote.ElementLocation.findElement(ElementLocation.java:59)
	at org.openqa.selenium.remote.RemoteWebDriver.findElement(RemoteWebDriver.java:380)
	at org.openqa.selenium.remote.RemoteWebDriver.findElement(RemoteWebDriver.java:374)
	at org.openqa.selenium.support.ui.ExpectedConditions$6.apply(ExpectedConditions.java:174)
	at org.openqa.selenium.support.ui.ExpectedConditions$6.apply(ExpectedConditions.java:171)
	at org.openqa.selenium.support.ui.FluentWait.until(FluentWait.java:203)
	... 32 more
]]></failure>
    <system-out><![CDATA[2026-02-09 12:12:19 ERROR [main] LumioTest - Failed to capture screenshot: no such window: target window already closed
from unknown error: web view not found
  (Session info: chrome=144.0.7559.133)
Build info: version: '4.38.0', revision: '6b412e825c*'
System info: os.name: 'Mac OS X', os.arch: 'x86_64', os.version: '15.6', java.version: '21.0.10'
Driver info: org.openqa.selenium.chrome.ChromeDriver
Command: [caf52e8c270cd5656cd40e028b829762, screenshot {}]
Capabilities {acceptInsecureCerts: false, browserName: chrome, browserVersion: 144.0.7559.133, chrome: {chromedriverVersion: 144.0.7559.133 (7da823b1d59..., userDataDir: /var/folders/7c/14lszzc111x...}, fedcm:accounts: true, goog:chromeOptions: {debuggerAddress: localhost:59765}, goog:processID: 2676, networkConnectionEnabled: false, pageLoadStrategy: normal, platformName: mac, proxy: Proxy(), se:cdp: ws://localhost:59765/devtoo..., se:cdpVersion: 144.0.7559.133, setWindowRect: true, strictFileInteractability: false, timeouts: {implicit: 0, pageLoad: 300000, script: 30000}, unhandledPromptBehavior: dismiss and notify, webauthn:extension:credBlob: true, webauthn:extension:largeBlob: true, webauthn:extension:minPinLength: true, webauthn:extension:prf: true, webauthn:virtualAuthenticators: true}
Session ID: caf52e8c270cd5656cd40e028b829762
2026-02-09 12:12:19 INFO  [main] LumioTest - Opening calendar
]]></system-out>
  </testcase>
  <testcase name="TC_04_ValidateWeeklyContentTillEnd" classname="exam2.LumioTest" time="10.224">
    <failure message="Expected condition failed: waiting for visibility of element located by By.xpath: //div[contains(@class,&apos;border-l border-[#444444]&apos;)] (tried for 10 second(s) with 500 milliseconds interval)" type="org.openqa.selenium.TimeoutException"><![CDATA[org.openqa.selenium.TimeoutException: Expected condition failed: waiting for visibility of element located by By.xpath: //div[contains(@class,'border-l border-[#444444]')] (tried for 10 second(s) with 500 milliseconds interval)
	at org.openqa.selenium.support.ui.WebDriverWait.timeoutException(WebDriverWait.java:84)
	at org.openqa.selenium.support.ui.FluentWait.until(FluentWait.java:228)
	at exam2.LumioTest.changeWeek(LumioTest.java:473)
	at exam2.LumioTest.TC_04_ValidateWeeklyContentTillEnd(LumioTest.java:139)
	at java.base/jdk.internal.reflect.DirectMethodHandleAccessor.invoke(DirectMethodHandleAccessor.java:103)
	at java.base/java.lang.reflect.Method.invoke(Method.java:580)
	at org.testng.internal.invokers.MethodInvocationHelper.invokeMethod(MethodInvocationHelper.java:141)
	at org.testng.internal.invokers.TestInvoker.invokeMethod(TestInvoker.java:687)
	at org.testng.internal.invokers.TestInvoker.invokeTestMethod(TestInvoker.java:230)
	at org.testng.internal.invokers.MethodRunner.runInSequence(MethodRunner.java:63)
	at org.testng.internal.invokers.TestInvoker$MethodInvocationAgent.invoke(TestInvoker.java:995)
	at org.testng.internal.invokers.TestInvoker.invokeTestMethods(TestInvoker.java:203)
	at org.testng.internal.invokers.TestMethodWorker.invokeTestMethods(TestMethodWorker.java:154)
	at org.testng.internal.invokers.TestMethodWorker.run(TestMethodWorker.java:134)
	at java.base/java.util.ArrayList.forEach(ArrayList.java:1596)
	at org.testng.TestRunner.privateRun(TestRunner.java:741)
	at org.testng.TestRunner.run(TestRunner.java:616)
	at org.testng.SuiteRunner.runTest(SuiteRunner.java:421)
	at org.testng.SuiteRunner.runSequentially(SuiteRunner.java:413)
	at org.testng.SuiteRunner.privateRun(SuiteRunner.java:373)
	at org.testng.SuiteRunner.run(SuiteRunner.java:312)
	at org.testng.SuiteRunnerWorker.runSuite(SuiteRunnerWorker.java:52)
	at org.testng.SuiteRunnerWorker.run(SuiteRunnerWorker.java:95)
	at org.testng.TestNG.runSuitesSequentially(TestNG.java:1274)
	at org.testng.TestNG.runSuitesLocally(TestNG.java:1208)
	at org.testng.TestNG.runSuites(TestNG.java:1112)
	at org.testng.TestNG.run(TestNG.java:1079)
	at org.apache.maven.surefire.testng.TestNGExecutor.run(TestNGExecutor.java:155)
	at org.apache.maven.surefire.testng.TestNGDirectoryTestSuite.executeMulti(TestNGDirectoryTestSuite.java:169)
	at org.apache.maven.surefire.testng.TestNGDirectoryTestSuite.execute(TestNGDirectoryTestSuite.java:88)
	at org.apache.maven.surefire.testng.TestNGProvider.invoke(TestNGProvider.java:137)
	at org.apache.maven.surefire.booter.ForkedBooter.runSuitesInProcess(ForkedBooter.java:385)
	at org.apache.maven.surefire.booter.ForkedBooter.execute(ForkedBooter.java:162)
	at org.apache.maven.surefire.booter.ForkedBooter.run(ForkedBooter.java:507)
	at org.apache.maven.surefire.booter.ForkedBooter.main(ForkedBooter.java:495)
Caused by: org.openqa.selenium.NoSuchWindowException: no such window: target window already closed
from unknown error: web view not found
  (Session info: chrome=144.0.7559.133)
Build info: version: '4.38.0', revision: '6b412e825c*'
System info: os.name: 'Mac OS X', os.arch: 'x86_64', os.version: '15.6', java.version: '21.0.10'
Driver info: org.openqa.selenium.chrome.ChromeDriver
Command: [caf52e8c270cd5656cd40e028b829762, findElement {using=xpath, value=//div[contains(@class,'border-l border-[#444444]')]}]
Capabilities {acceptInsecureCerts: false, browserName: chrome, browserVersion: 144.0.7559.133, chrome: {chromedriverVersion: 144.0.7559.133 (7da823b1d59..., userDataDir: /var/folders/7c/14lszzc111x...}, fedcm:accounts: true, goog:chromeOptions: {debuggerAddress: localhost:59765}, goog:processID: 2676, networkConnectionEnabled: false, pageLoadStrategy: normal, platformName: mac, proxy: Proxy(), se:cdp: ws://localhost:59765/devtoo..., se:cdpVersion: 144.0.7559.133, setWindowRect: true, strictFileInteractability: false, timeouts: {implicit: 0, pageLoad: 300000, script: 30000}, unhandledPromptBehavior: dismiss and notify, webauthn:extension:credBlob: true, webauthn:extension:largeBlob: true, webauthn:extension:minPinLength: true, webauthn:extension:prf: true, webauthn:virtualAuthenticators: true}
Session ID: caf52e8c270cd5656cd40e028b829762
	at java.base/jdk.internal.reflect.DirectConstructorHandleAccessor.newInstance(DirectConstructorHandleAccessor.java:62)
	at java.base/java.lang.reflect.Constructor.newInstanceWithCaller(Constructor.java:502)
	at java.base/java.lang.reflect.Constructor.newInstance(Constructor.java:486)
	at org.openqa.selenium.remote.ErrorCodec.decode(ErrorCodec.java:167)
	at org.openqa.selenium.remote.codec.w3c.W3CHttpResponseCodec.decode(W3CHttpResponseCodec.java:138)
	at org.openqa.selenium.remote.codec.w3c.W3CHttpResponseCodec.decode(W3CHttpResponseCodec.java:50)
	at org.openqa.selenium.remote.HttpCommandExecutor.execute(HttpCommandExecutor.java:215)
	at org.openqa.selenium.remote.service.DriverCommandExecutor.invokeExecute(DriverCommandExecutor.java:216)
	at org.openqa.selenium.remote.service.DriverCommandExecutor.execute(DriverCommandExecutor.java:174)
	at org.openqa.selenium.remote.RemoteWebDriver.execute(RemoteWebDriver.java:557)
	at org.openqa.selenium.remote.ElementLocation$ElementFinder$2.findElement(ElementLocation.java:165)
	at org.openqa.selenium.remote.ElementLocation.findElement(ElementLocation.java:59)
	at org.openqa.selenium.remote.RemoteWebDriver.findElement(RemoteWebDriver.java:380)
	at org.openqa.selenium.remote.RemoteWebDriver.findElement(RemoteWebDriver.java:374)
	at org.openqa.selenium.support.ui.ExpectedConditions$7.apply(ExpectedConditions.java:198)
	at org.openqa.selenium.support.ui.ExpectedConditions$7.apply(ExpectedConditions.java:194)
	at org.openqa.selenium.support.ui.FluentWait.until(FluentWait.java:203)
	... 33 more
]]></failure>
    <system-out><![CDATA[2026-02-09 12:12:30 ERROR [main] LumioTest - Failed to capture screenshot: no such window: target window already closed
from unknown error: web view not found
  (Session info: chrome=144.0.7559.133)
Build info: version: '4.38.0', revision: '6b412e825c*'
System info: os.name: 'Mac OS X', os.arch: 'x86_64', os.version: '15.6', java.version: '21.0.10'
Driver info: org.openqa.selenium.chrome.ChromeDriver
Command: [caf52e8c270cd5656cd40e028b829762, screenshot {}]
Capabilities {acceptInsecureCerts: false, browserName: chrome, browserVersion: 144.0.7559.133, chrome: {chromedriverVersion: 144.0.7559.133 (7da823b1d59..., userDataDir: /var/folders/7c/14lszzc111x...}, fedcm:accounts: true, goog:chromeOptions: {debuggerAddress: localhost:59765}, goog:processID: 2676, networkConnectionEnabled: false, pageLoadStrategy: normal, platformName: mac, proxy: Proxy(), se:cdp: ws://localhost:59765/devtoo..., se:cdpVersion: 144.0.7559.133, setWindowRect: true, strictFileInteractability: false, timeouts: {implicit: 0, pageLoad: 300000, script: 30000}, unhandledPromptBehavior: dismiss and notify, webauthn:extension:credBlob: true, webauthn:extension:largeBlob: true, webauthn:extension:minPinLength: true, webauthn:extension:prf: true, webauthn:virtualAuthenticators: true}
Session ID: caf52e8c270cd5656cd40e028b829762
2026-02-09 12:12:30 INFO  [main] LumioTest - Weekly Content Validation from October to Till of December
2026-02-09 12:12:30 INFO  [main] LumioTest - Validating weekly content
Error getting month name: no such window: target window already closed
from unknown error: web view not found
  (Session info: chrome=144.0.7559.133)
Build info: version: '4.38.0', revision: '6b412e825c*'
System info: os.name: 'Mac OS X', os.arch: 'x86_64', os.version: '15.6', java.version: '21.0.10'
Driver info: org.openqa.selenium.chrome.ChromeDriver
Command: [caf52e8c270cd5656cd40e028b829762, findElement {using=xpath, value=//span[contains(@role,'status')]}]
Capabilities {acceptInsecureCerts: false, browserName: chrome, browserVersion: 144.0.7559.133, chrome: {chromedriverVersion: 144.0.7559.133 (7da823b1d59..., userDataDir: /var/folders/7c/14lszzc111x...}, fedcm:accounts: true, goog:chromeOptions: {debuggerAddress: localhost:59765}, goog:processID: 2676, networkConnectionEnabled: false, pageLoadStrategy: normal, platformName: mac, proxy: Proxy(), se:cdp: ws://localhost:59765/devtoo..., se:cdpVersion: 144.0.7559.133, setWindowRect: true, strictFileInteractability: false, timeouts: {implicit: 0, pageLoad: 300000, script: 30000}, unhandledPromptBehavior: dismiss and notify, webauthn:extension:credBlob: true, webauthn:extension:largeBlob: true, webauthn:extension:minPinLength: true, webauthn:extension:prf: true, webauthn:virtualAuthenticators: true}
Session ID: caf52e8c270cd5656cd40e028b829762
]]></system-out>
  </testcase>
  <testcase name="TC_08_PageRefreshStability" classname="exam2.LumioTest" time="0.009">
    <failure message="no such window: target window already closed&#10;from unknown error: web view not found&#10;  (Session info: chrome=144.0.7559.133)&#10;Build info: version: &apos;4.38.0&apos;, revision: &apos;6b412e825c*&apos;&#10;System info: os.name: &apos;Mac OS X&apos;, os.arch: &apos;x86_64&apos;, os.version: &apos;15.6&apos;, java.version: &apos;21.0.10&apos;&#10;Driver info: org.openqa.selenium.chrome.ChromeDriver&#10;Command: [caf52e8c270cd5656cd40e028b829762, refresh {}]&#10;Capabilities {acceptInsecureCerts: false, browserName: chrome, browserVersion: 144.0.7559.133, chrome: {chromedriverVersion: 144.0.7559.133 (7da823b1d59..., userDataDir: /var/folders/7c/14lszzc111x...}, fedcm:accounts: true, goog:chromeOptions: {debuggerAddress: localhost:59765}, goog:processID: 2676, networkConnectionEnabled: false, pageLoadStrategy: normal, platformName: mac, proxy: Proxy(), se:cdp: ws://localhost:59765/devtoo..., se:cdpVersion: 144.0.7559.133, setWindowRect: true, strictFileInteractability: false, timeouts: {implicit: 0, pageLoad: 300000, script: 30000}, unhandledPromptBehavior: dismiss and notify, webauthn:extension:credBlob: true, webauthn:extension:largeBlob: true, webauthn:extension:minPinLength: true, webauthn:extension:prf: true, webauthn:virtualAuthenticators: true}&#10;Session ID: caf52e8c270cd5656cd40e028b829762" type="org.openqa.selenium.NoSuchWindowException"><![CDATA[org.openqa.selenium.NoSuchWindowException: 
no such window: target window already closed
from unknown error: web view not found
  (Session info: chrome=144.0.7559.133)
Build info: version: '4.38.0', revision: '6b412e825c*'
System info: os.name: 'Mac OS X', os.arch: 'x86_64', os.version: '15.6', java.version: '21.0.10'
Driver info: org.openqa.selenium.chrome.ChromeDriver
Command: [caf52e8c270cd5656cd40e028b829762, refresh {}]
Capabilities {acceptInsecureCerts: false, browserName: chrome, browserVersion: 144.0.7559.133, chrome: {chromedriverVersion: 144.0.7559.133 (7da823b1d59..., userDataDir: /var/folders/7c/14lszzc111x...}, fedcm:accounts: true, goog:chromeOptions: {debuggerAddress: localhost:59765}, goog:processID: 2676, networkConnectionEnabled: false, pageLoadStrategy: normal, platformName: mac, proxy: Proxy(), se:cdp: ws://localhost:59765/devtoo..., se:cdpVersion: 144.0.7559.133, setWindowRect: true, strictFileInteractability: false, timeouts: {implicit: 0, pageLoad: 300000, script: 30000}, unhandledPromptBehavior: dismiss and notify, webauthn:extension:credBlob: true, webauthn:extension:largeBlob: true, webauthn:extension:minPinLength: true, webauthn:extension:prf: true, webauthn:virtualAuthenticators: true}
Session ID: caf52e8c270cd5656cd40e028b829762
	at java.base/jdk.internal.reflect.DirectConstructorHandleAccessor.newInstance(DirectConstructorHandleAccessor.java:62)
	at java.base/java.lang.reflect.Constructor.newInstanceWithCaller(Constructor.java:502)
	at java.base/java.lang.reflect.Constructor.newInstance(Constructor.java:486)
	at org.openqa.selenium.remote.ErrorCodec.decode(ErrorCodec.java:167)
	at org.openqa.selenium.remote.codec.w3c.W3CHttpResponseCodec.decode(W3CHttpResponseCodec.java:138)
	at org.openqa.selenium.remote.codec.w3c.W3CHttpResponseCodec.decode(W3CHttpResponseCodec.java:50)
	at org.openqa.selenium.remote.HttpCommandExecutor.execute(HttpCommandExecutor.java:215)
	at org.openqa.selenium.remote.service.DriverCommandExecutor.invokeExecute(DriverCommandExecutor.java:216)
	at org.openqa.selenium.remote.service.DriverCommandExecutor.execute(DriverCommandExecutor.java:174)
	at org.openqa.selenium.remote.RemoteWebDriver.execute(RemoteWebDriver.java:557)
	at org.openqa.selenium.remote.RemoteWebDriver.execute(RemoteWebDriver.java:634)
	at org.openqa.selenium.remote.RemoteWebDriver.execute(RemoteWebDriver.java:638)
	at org.openqa.selenium.remote.RemoteWebDriver$RemoteNavigation.refresh(RemoteWebDriver.java:1103)
	at exam2.LumioTest.TC_08_PageRefreshStability(LumioTest.java:258)
	at java.base/jdk.internal.reflect.DirectMethodHandleAccessor.invoke(DirectMethodHandleAccessor.java:103)
	at java.base/java.lang.reflect.Method.invoke(Method.java:580)
	at org.testng.internal.invokers.MethodInvocationHelper.invokeMethod(MethodInvocationHelper.java:141)
	at org.testng.internal.invokers.TestInvoker.invokeMethod(TestInvoker.java:687)
	at org.testng.internal.invokers.TestInvoker.invokeTestMethod(TestInvoker.java:230)
	at org.testng.internal.invokers.MethodRunner.runInSequence(MethodRunner.java:63)
	at org.testng.internal.invokers.TestInvoker$MethodInvocationAgent.invoke(TestInvoker.java:995)
	at org.testng.internal.invokers.TestInvoker.invokeTestMethods(TestInvoker.java:203)
	at org.testng.internal.invokers.TestMethodWorker.invokeTestMethods(TestMethodWorker.java:154)
	at org.testng.internal.invokers.TestMethodWorker.run(TestMethodWorker.java:134)
	at java.base/java.util.ArrayList.forEach(ArrayList.java:1596)
	at org.testng.TestRunner.privateRun(TestRunner.java:741)
	at org.testng.TestRunner.run(TestRunner.java:616)
	at org.testng.SuiteRunner.runTest(SuiteRunner.java:421)
	at org.testng.SuiteRunner.runSequentially(SuiteRunner.java:413)
	at org.testng.SuiteRunner.privateRun(SuiteRunner.java:373)
	at org.testng.SuiteRunner.run(SuiteRunner.java:312)
	at org.testng.SuiteRunnerWorker.runSuite(SuiteRunnerWorker.java:52)
	at org.testng.SuiteRunnerWorker.run(SuiteRunnerWorker.java:95)
	at org.testng.TestNG.runSuitesSequentially(TestNG.java:1274)
	at org.testng.TestNG.runSuitesLocally(TestNG.java:1208)
	at org.testng.TestNG.runSuites(TestNG.java:1112)
	at org.testng.TestNG.run(TestNG.java:1079)
	at org.apache.maven.surefire.testng.TestNGExecutor.run(TestNGExecutor.java:155)
	at org.apache.maven.surefire.testng.TestNGDirectoryTestSuite.executeMulti(TestNGDirectoryTestSuite.java:169)
	at org.apache.maven.surefire.testng.TestNGDirectoryTestSuite.execute(TestNGDirectoryTestSuite.java:88)
	at org.apache.maven.surefire.testng.TestNGProvider.invoke(TestNGProvider.java:137)
	at org.apache.maven.surefire.booter.ForkedBooter.runSuitesInProcess(ForkedBooter.java:385)
	at org.apache.maven.surefire.booter.ForkedBooter.execute(ForkedBooter.java:162)
	at org.apache.maven.surefire.booter.ForkedBooter.run(ForkedBooter.java:507)
	at org.apache.maven.surefire.booter.ForkedBooter.main(ForkedBooter.java:495)
]]></failure>
    <system-out><![CDATA[2026-02-09 12:12:40 ERROR [main] LumioTest - Failed to capture screenshot: no such window: target window already closed
from unknown error: web view not found
  (Session info: chrome=144.0.7559.133)
Build info: version: '4.38.0', revision: '6b412e825c*'
System info: os.name: 'Mac OS X', os.arch: 'x86_64', os.version: '15.6', java.version: '21.0.10'
Driver info: org.openqa.selenium.chrome.ChromeDriver
Command: [caf52e8c270cd5656cd40e028b829762, screenshot {}]
Capabilities {acceptInsecureCerts: false, browserName: chrome, browserVersion: 144.0.7559.133, chrome: {chromedriverVersion: 144.0.7559.133 (7da823b1d59..., userDataDir: /var/folders/7c/14lszzc111x...}, fedcm:accounts: true, goog:chromeOptions: {debuggerAddress: localhost:59765}, goog:processID: 2676, networkConnectionEnabled: false, pageLoadStrategy: normal, platformName: mac, proxy: Proxy(), se:cdp: ws://localhost:59765/devtoo..., se:cdpVersion: 144.0.7559.133, setWindowRect: true, strictFileInteractability: false, timeouts: {implicit: 0, pageLoad: 300000, script: 30000}, unhandledPromptBehavior: dismiss and notify, webauthn:extension:credBlob: true, webauthn:extension:largeBlob: true, webauthn:extension:minPinLength: true, webauthn:extension:prf: true, webauthn:virtualAuthenticators: true}
Session ID: caf52e8c270cd5656cd40e028b829762
2026-02-09 12:12:40 INFO  [main] LumioTest - Refreshing page to verify stability
]]></system-out>
  </testcase>
</testsuite>