<?xml version="1.0" encoding="UTF-8"?>
<!-- Generated by org.testng.reporters.JUnitReportReporter -->
<testsuite hostname="Subeshs-MacBook-Air.local" failures="1" tests="1" name="exam2.SliderTest" time="5069.978" errors="0" timestamp="2026-02-09T12:12:41 IST" skipped="0">
  <testcase classname="exam2.SliderTest" name="TC_02_validate_Watch_Tailer_Button_FrontTopTenVsSliderMovies" time="5069.978">
    <failure message="The following asserts failed:
	&#039;Play Trailer&#039; button not found for: Border,
	Movie (Border) - Play Trailer validation failed,
	❌ Title mismatch at index 5 | Front: Eko | Slider: Ekō expected [true] but found [false],
	Description is missing for Mask,
	❌ Title mismatch at index 4 | Front: Bha. Bha. Ba | Slider: Bha Bha Ba expected [true] but found [false],
	❌ Title mismatch at index 1 | Front: The Eken Ruddhaswas Rajasthan | Slider: The Eken: Ruddhaswas Rajasthan expected [true] but found [false],
	Description is missing for Rambo: First Blood,
	&#039;Play Trailer&#039; button not found for: Rambo: First Blood,
	Movie (Rambo: First Blood) - Play Trailer validation failed" type="java.lang.AssertionError">
      <![CDATA[java.lang.AssertionError: The following asserts failed:
'Play Trailer' button not found for: Border,
Movie (Border) - Play Trailer validation failed,
❌ Title mismatch at index 5 | Front: Eko | Slider: Ekō expected [true] but found [false],
Description is missing for Mask,
❌ Title mismatch at index 4 | Front: Bha. Bha. Ba | Slider: Bha Bha Ba expected [true] but found [false],
❌ Title mismatch at index 1 | Front: The Eken Ruddhaswas Rajasthan | Slider: The Eken: Ruddhaswas Rajasthan expected [true] but found [false],
Description is missing for Rambo: First Blood,
'Play Trailer' button not found for: Rambo: First Blood,
Movie (Rambo: First Blood) - Play Trailer validation failed
at org.testng.asserts.SoftAssert.assertAll(SoftAssert.java:46)
at org.testng.asserts.SoftAssert.assertAll(SoftAssert.java:30)
at exam2.SliderTest.TC_02_validate_Watch_Tailer_Button_FrontTopTenVsSliderMovies(SliderTest.java:176)
at java.base/jdk.internal.reflect.DirectMethodHandleAccessor.invoke(DirectMethodHandleAccessor.java:103)
at java.base/java.lang.reflect.Method.invoke(Method.java:580)
at org.testng.internal.invokers.MethodInvocationHelper.invokeMethod(MethodInvocationHelper.java:141)
at org.testng.internal.invokers.TestInvoker.invokeMethod(TestInvoker.java:687)
at org.testng.internal.invokers.TestInvoker.invokeTestMethod(TestInvoker.java:230)
at org.testng.internal.invokers.MethodRunner.runInSequence(MethodRunner.java:63)
at org.testng.internal.invokers.TestInvoker$MethodInvocationAgent.invoke(TestInvoker.java:995)
at org.testng.internal.invokers.TestInvoker.invokeTestMethods(TestInvoker.java:203)
at org.testng.internal.invokers.TestMethodWorker.invokeTestMethods(TestMethodWorker.java:154)
at org.testng.internal.invokers.TestMethodWorker.run(TestMethodWorker.java:134)
at java.base/java.util.ArrayList.forEach(ArrayList.java:1596)
at org.testng.TestRunner.privateRun(TestRunner.java:741)
at org.testng.TestRunner.run(TestRunner.java:616)
at org.testng.SuiteRunner.runTest(SuiteRunner.java:421)
at org.testng.SuiteRunner.runSequentially(SuiteRunner.java:413)
at org.testng.SuiteRunner.privateRun(SuiteRunner.java:373)
at org.testng.SuiteRunner.run(SuiteRunner.java:312)
at org.testng.SuiteRunnerWorker.runSuite(SuiteRunnerWorker.java:52)
at org.testng.SuiteRunnerWorker.run(SuiteRunnerWorker.java:95)
at org.testng.TestNG.runSuitesSequentially(TestNG.java:1274)
at org.testng.TestNG.runSuitesLocally(TestNG.java:1208)
at org.testng.TestNG.runSuites(TestNG.java:1112)
at org.testng.TestNG.run(TestNG.java:1079)
at org.apache.maven.surefire.testng.TestNGExecutor.run(TestNGExecutor.java:155)
at org.apache.maven.surefire.testng.TestNGDirectoryTestSuite.executeMulti(TestNGDirectoryTestSuite.java:169)
at org.apache.maven.surefire.testng.TestNGDirectoryTestSuite.execute(TestNGDirectoryTestSuite.java:88)
at org.apache.maven.surefire.testng.TestNGProvider.invoke(TestNGProvider.java:137)
at org.apache.maven.surefire.booter.ForkedBooter.runSuitesInProcess(ForkedBooter.java:385)
at org.apache.maven.surefire.booter.ForkedBooter.execute(ForkedBooter.java:162)
at org.apache.maven.surefire.booter.ForkedBooter.run(ForkedBooter.java:507)
at org.apache.maven.surefire.booter.ForkedBooter.main(ForkedBooter.java:495)
]]>
    </failure>
  </testcase> <!-- TC_02_validate_Watch_Tailer_Button_FrontTopTenVsSliderMovies -->
</testsuite> <!-- exam2.SliderTest -->
